[0.012s] Invoking command in '/home/ubuntu/ros2_ws/build/cpp_pubsub': CMAKE_PREFIX_PATH=${CMAKE_PREFIX_PATH}:/home/ubuntu/ros2_ws/install/my_package:/home/ubuntu/hiwonder_ws/install/hello_world_demo:/opt/ros/humble /usr/bin/cmake /home/ubuntu/ros2_ws/src/cpp_pubsub -DCMAKE_INSTALL_PREFIX=/home/ubuntu/ros2_ws/install/cpp_pubsub
[0.079s] -- The C compiler identification is GNU 11.4.0
[0.149s] -- The CXX compiler identification is GNU 11.4.0
[0.158s] -- Detecting C compiler ABI info
[0.239s] -- Detecting C compiler ABI info - done
[0.249s] -- Check for working C compiler: /usr/bin/cc - skipped
[0.249s] -- Detecting C compile features
[0.249s] -- Detecting C compile features - done
[0.253s] -- Detecting CXX compiler ABI info
[0.346s] -- Detecting CXX compiler ABI info - done
[0.357s] -- Check for working CXX compiler: /usr/bin/c++ - skipped
[0.357s] -- Detecting CXX compile features
[0.357s] -- Detecting CXX compile features - done
[0.361s] -- Found ament_cmake: 1.3.11 (/opt/ros/humble/share/ament_cmake/cmake)
[0.562s] -- Found Python3: /usr/bin/python3 (found version "3.10.12") found components: Interpreter 
[0.706s] -- Found rclcpp: 16.0.12 (/opt/ros/humble/share/rclcpp/cmake)
[0.767s] -- Found rosidl_generator_c: 3.1.6 (/opt/ros/humble/share/rosidl_generator_c/cmake)
[0.774s] -- Found rosidl_adapter: 3.1.6 (/opt/ros/humble/share/rosidl_adapter/cmake)
[0.786s] -- Found rosidl_generator_cpp: 3.1.6 (/opt/ros/humble/share/rosidl_generator_cpp/cmake)
[0.805s] -- Using all available rosidl_typesupport_c: rosidl_typesupport_fastrtps_c;rosidl_typesupport_introspection_c
[0.828s] -- Using all available rosidl_typesupport_cpp: rosidl_typesupport_fastrtps_cpp;rosidl_typesupport_introspection_cpp
[0.893s] -- Found rmw_implementation_cmake: 6.1.2 (/opt/ros/humble/share/rmw_implementation_cmake/cmake)
[0.897s] -- Found rmw_fastrtps_cpp: 6.2.7 (/opt/ros/humble/share/rmw_fastrtps_cpp/cmake)
[0.995s] -- Found OpenSSL: /usr/lib/aarch64-linux-gnu/libcrypto.so (found version "3.0.2")  
[1.039s] -- Found FastRTPS: /opt/ros/humble/include  
[1.105s] -- Using RMW implementation 'rmw_fastrtps_cpp' as default
[1.117s] -- Looking for pthread.h
[1.201s] -- Looking for pthread.h - found
[1.202s] -- Performing Test CMAKE_HAVE_LIBC_PTHREAD
[1.283s] -- Performing Test CMAKE_HAVE_LIBC_PTHREAD - Success
[1.283s] -- Found Threads: TRUE  
[1.366s] -- Found ament_lint_auto: 0.12.12 (/opt/ros/humble/share/ament_lint_auto/cmake)
[1.481s] -- Added test 'cppcheck' to perform static code analysis on C / C++ code
[1.481s] -- Configured cppcheck include dirs: 
[1.481s] -- Configured cppcheck exclude dirs and/or files: 
[1.482s] -- Added test 'lint_cmake' to check CMake code style
[1.483s] -- Added test 'uncrustify' to check C / C++ code style
[1.483s] -- Configured uncrustify additional arguments: 
[1.485s] -- Added test 'xmllint' to check XML markup files
[1.486s] -- Configuring done
[1.500s] -- Generating done
[1.507s] -- Build files have been written to: /home/ubuntu/ros2_ws/build/cpp_pubsub
[1.520s] Invoked command in '/home/ubuntu/ros2_ws/build/cpp_pubsub' returned '0': CMAKE_PREFIX_PATH=${CMAKE_PREFIX_PATH}:/home/ubuntu/ros2_ws/install/my_package:/home/ubuntu/hiwonder_ws/install/hello_world_demo:/opt/ros/humble /usr/bin/cmake /home/ubuntu/ros2_ws/src/cpp_pubsub -DCMAKE_INSTALL_PREFIX=/home/ubuntu/ros2_ws/install/cpp_pubsub
[1.522s] Invoking command in '/home/ubuntu/ros2_ws/build/cpp_pubsub': CMAKE_PREFIX_PATH=${CMAKE_PREFIX_PATH}:/home/ubuntu/ros2_ws/install/my_package:/home/ubuntu/hiwonder_ws/install/hello_world_demo:/opt/ros/humble /usr/bin/cmake --build /home/ubuntu/ros2_ws/build/cpp_pubsub -- -j4 -l4
[1.582s] [ 50%] [32mBuilding CXX object CMakeFiles/talker.dir/src/publisher_member_function.cpp.o[0m
[1.583s] [ 50%] [32mBuilding CXX object CMakeFiles/listener.dir/src/subscriber_member_function.cpp.o[0m
[8.798s] [ 75%] [32m[1mLinking CXX executable talker[0m
[9.211s] [ 75%] Built target talker
[14.982s] [100%] [32m[1mLinking CXX executable listener[0m
[15.724s] [100%] Built target listener
[15.734s] Invoked command in '/home/ubuntu/ros2_ws/build/cpp_pubsub' returned '0': CMAKE_PREFIX_PATH=${CMAKE_PREFIX_PATH}:/home/ubuntu/ros2_ws/install/my_package:/home/ubuntu/hiwonder_ws/install/hello_world_demo:/opt/ros/humble /usr/bin/cmake --build /home/ubuntu/ros2_ws/build/cpp_pubsub -- -j4 -l4
[15.747s] Invoking command in '/home/ubuntu/ros2_ws/build/cpp_pubsub': CMAKE_PREFIX_PATH=${CMAKE_PREFIX_PATH}:/home/ubuntu/ros2_ws/install/my_package:/home/ubuntu/hiwonder_ws/install/hello_world_demo:/opt/ros/humble /usr/bin/cmake --install /home/ubuntu/ros2_ws/build/cpp_pubsub
[15.757s] -- Install configuration: ""
[15.757s] -- Installing: /home/ubuntu/ros2_ws/install/cpp_pubsub/lib/cpp_pubsub/talker
[15.758s] -- Set runtime path of "/home/ubuntu/ros2_ws/install/cpp_pubsub/lib/cpp_pubsub/talker" to ""
[15.758s] -- Up-to-date: /home/ubuntu/ros2_ws/install/cpp_pubsub/lib/cpp_pubsub/talker
[15.759s] -- Installing: /home/ubuntu/ros2_ws/install/cpp_pubsub/lib/cpp_pubsub/listener
[15.762s] -- Set runtime path of "/home/ubuntu/ros2_ws/install/cpp_pubsub/lib/cpp_pubsub/listener" to ""
[15.762s] -- Installing: /home/ubuntu/ros2_ws/install/cpp_pubsub/share/ament_index/resource_index/package_run_dependencies/cpp_pubsub
[15.763s] -- Installing: /home/ubuntu/ros2_ws/install/cpp_pubsub/share/ament_index/resource_index/parent_prefix_path/cpp_pubsub
[15.763s] -- Installing: /home/ubuntu/ros2_ws/install/cpp_pubsub/share/cpp_pubsub/environment/ament_prefix_path.sh
[15.763s] -- Installing: /home/ubuntu/ros2_ws/install/cpp_pubsub/share/cpp_pubsub/environment/ament_prefix_path.dsv
[15.763s] -- Installing: /home/ubuntu/ros2_ws/install/cpp_pubsub/share/cpp_pubsub/environment/path.sh
[15.763s] -- Installing: /home/ubuntu/ros2_ws/install/cpp_pubsub/share/cpp_pubsub/environment/path.dsv
[15.764s] -- Installing: /home/ubuntu/ros2_ws/install/cpp_pubsub/share/cpp_pubsub/local_setup.bash
[15.764s] -- Installing: /home/ubuntu/ros2_ws/install/cpp_pubsub/share/cpp_pubsub/local_setup.sh
[15.764s] -- Installing: /home/ubuntu/ros2_ws/install/cpp_pubsub/share/cpp_pubsub/local_setup.zsh
[15.764s] -- Installing: /home/ubuntu/ros2_ws/install/cpp_pubsub/share/cpp_pubsub/local_setup.dsv
[15.764s] -- Installing: /home/ubuntu/ros2_ws/install/cpp_pubsub/share/cpp_pubsub/package.dsv
[15.764s] -- Installing: /home/ubuntu/ros2_ws/install/cpp_pubsub/share/ament_index/resource_index/packages/cpp_pubsub
[15.765s] -- Installing: /home/ubuntu/ros2_ws/install/cpp_pubsub/share/cpp_pubsub/cmake/cpp_pubsubConfig.cmake
[15.765s] -- Installing: /home/ubuntu/ros2_ws/install/cpp_pubsub/share/cpp_pubsub/cmake/cpp_pubsubConfig-version.cmake
[15.765s] -- Installing: /home/ubuntu/ros2_ws/install/cpp_pubsub/share/cpp_pubsub/package.xml
[15.767s] Invoked command in '/home/ubuntu/ros2_ws/build/cpp_pubsub' returned '0': CMAKE_PREFIX_PATH=${CMAKE_PREFIX_PATH}:/home/ubuntu/ros2_ws/install/my_package:/home/ubuntu/hiwonder_ws/install/hello_world_demo:/opt/ros/humble /usr/bin/cmake --install /home/ubuntu/ros2_ws/build/cpp_pubsub
