[0.152s] DEBUG:colcon:Command line arguments: ['/usr/bin/colcon', 'build']
[0.152s] DEBUG:colcon:Parsed command line arguments: Namespace(log_base=None, log_level=None, verb_name='build', build_base='build', install_base='install', merge_install=False, symlink_install=False, test_result_base=None, continue_on_error=False, executor='parallel', parallel_workers=4, event_handlers=None, ignore_user_meta=False, metas=['./colcon.meta'], base_paths=['.'], packages_ignore=None, packages_ignore_regex=None, paths=None, packages_up_to=None, packages_up_to_regex=None, packages_above=None, packages_above_and_dependencies=None, packages_above_depth=None, packages_select_by_dep=None, packages_skip_by_dep=None, packages_skip_up_to=None, packages_select_build_failed=False, packages_skip_build_finished=False, packages_select_test_failures=False, packages_skip_test_passed=False, packages_select=None, packages_skip=None, packages_select_regex=None, packages_skip_regex=None, packages_start=None, packages_end=None, cmake_args=None, cmake_target=None, cmake_target_skip_unavailable=False, cmake_clean_cache=False, cmake_clean_first=False, cmake_force_configure=False, ament_cmake_args=None, catkin_cmake_args=None, catkin_skip_building_tests=False, mixin_files=None, mixin=None, verb_parser=<colcon_mixin.mixin.mixin_argument.MixinArgumentDecorator object at 0x7fff0b5e7bb0>, verb_extension=<colcon_core.verb.build.BuildVerb object at 0x7fff0b5e75b0>, main=<bound method BuildVerb.main of <colcon_core.verb.build.BuildVerb object at 0x7fff0b5e75b0>>, mixin_verb=('build',))
[0.340s] Level 1:colcon.colcon_core.package_discovery:discover_packages(colcon_meta) check parameters
[0.340s] Level 1:colcon.colcon_core.package_discovery:discover_packages(recursive) check parameters
[0.340s] Level 1:colcon.colcon_core.package_discovery:discover_packages(ignore) check parameters
[0.341s] Level 1:colcon.colcon_core.package_discovery:discover_packages(path) check parameters
[0.341s] Level 1:colcon.colcon_core.package_discovery:discover_packages(colcon_meta) discover
[0.341s] Level 1:colcon.colcon_core.package_discovery:discover_packages(recursive) discover
[0.341s] INFO:colcon.colcon_core.package_discovery:Crawling recursively for packages in '/home/ubuntu/hiwonder_ws-B'
[0.341s] Level 1:colcon.colcon_core.package_identification:_identify(.) by extensions ['ignore', 'ignore_ament_install']
[0.341s] Level 1:colcon.colcon_core.package_identification:_identify(.) by extension 'ignore'
[0.341s] Level 1:colcon.colcon_core.package_identification:_identify(.) by extension 'ignore_ament_install'
[0.341s] Level 1:colcon.colcon_core.package_identification:_identify(.) by extensions ['colcon_pkg']
[0.341s] Level 1:colcon.colcon_core.package_identification:_identify(.) by extension 'colcon_pkg'
[0.341s] Level 1:colcon.colcon_core.package_identification:_identify(.) by extensions ['colcon_meta']
[0.341s] Level 1:colcon.colcon_core.package_identification:_identify(.) by extension 'colcon_meta'
[0.341s] Level 1:colcon.colcon_core.package_identification:_identify(.) by extensions ['ros']
[0.341s] Level 1:colcon.colcon_core.package_identification:_identify(.) by extension 'ros'
[0.359s] Level 1:colcon.colcon_core.package_identification:_identify(.) by extensions ['cmake', 'python']
[0.359s] Level 1:colcon.colcon_core.package_identification:_identify(.) by extension 'cmake'
[0.359s] Level 1:colcon.colcon_core.package_identification:_identify(.) by extension 'python'
[0.359s] Level 1:colcon.colcon_core.package_identification:_identify(.) by extensions ['python_setup_py']
[0.359s] Level 1:colcon.colcon_core.package_identification:_identify(.) by extension 'python_setup_py'
[0.359s] Level 1:colcon.colcon_core.package_identification:_identify(build) by extensions ['ignore', 'ignore_ament_install']
[0.359s] Level 1:colcon.colcon_core.package_identification:_identify(build) by extension 'ignore'
[0.359s] Level 1:colcon.colcon_core.package_identification:_identify(build) ignored
[0.360s] Level 1:colcon.colcon_core.package_identification:_identify(install) by extensions ['ignore', 'ignore_ament_install']
[0.360s] Level 1:colcon.colcon_core.package_identification:_identify(install) by extension 'ignore'
[0.360s] Level 1:colcon.colcon_core.package_identification:_identify(install) ignored
[0.360s] Level 1:colcon.colcon_core.package_identification:_identify(log) by extensions ['ignore', 'ignore_ament_install']
[0.360s] Level 1:colcon.colcon_core.package_identification:_identify(log) by extension 'ignore'
[0.360s] Level 1:colcon.colcon_core.package_identification:_identify(log) ignored
[0.360s] Level 1:colcon.colcon_core.package_identification:_identify(src) by extensions ['ignore', 'ignore_ament_install']
[0.360s] Level 1:colcon.colcon_core.package_identification:_identify(src) by extension 'ignore'
[0.360s] Level 1:colcon.colcon_core.package_identification:_identify(src) by extension 'ignore_ament_install'
[0.360s] Level 1:colcon.colcon_core.package_identification:_identify(src) by extensions ['colcon_pkg']
[0.360s] Level 1:colcon.colcon_core.package_identification:_identify(src) by extension 'colcon_pkg'
[0.360s] Level 1:colcon.colcon_core.package_identification:_identify(src) by extensions ['colcon_meta']
[0.360s] Level 1:colcon.colcon_core.package_identification:_identify(src) by extension 'colcon_meta'
[0.360s] Level 1:colcon.colcon_core.package_identification:_identify(src) by extensions ['ros']
[0.360s] Level 1:colcon.colcon_core.package_identification:_identify(src) by extension 'ros'
[0.361s] Level 1:colcon.colcon_core.package_identification:_identify(src) by extensions ['cmake', 'python']
[0.361s] Level 1:colcon.colcon_core.package_identification:_identify(src) by extension 'cmake'
[0.361s] Level 1:colcon.colcon_core.package_identification:_identify(src) by extension 'python'
[0.361s] Level 1:colcon.colcon_core.package_identification:_identify(src) by extensions ['python_setup_py']
[0.361s] Level 1:colcon.colcon_core.package_identification:_identify(src) by extension 'python_setup_py'
[0.361s] Level 1:colcon.colcon_core.package_identification:_identify(src/ros_tutorials) by extensions ['ignore', 'ignore_ament_install']
[0.361s] Level 1:colcon.colcon_core.package_identification:_identify(src/ros_tutorials) by extension 'ignore'
[0.361s] Level 1:colcon.colcon_core.package_identification:_identify(src/ros_tutorials) by extension 'ignore_ament_install'
[0.361s] Level 1:colcon.colcon_core.package_identification:_identify(src/ros_tutorials) by extensions ['colcon_pkg']
[0.361s] Level 1:colcon.colcon_core.package_identification:_identify(src/ros_tutorials) by extension 'colcon_pkg'
[0.361s] Level 1:colcon.colcon_core.package_identification:_identify(src/ros_tutorials) by extensions ['colcon_meta']
[0.361s] Level 1:colcon.colcon_core.package_identification:_identify(src/ros_tutorials) by extension 'colcon_meta'
[0.361s] Level 1:colcon.colcon_core.package_identification:_identify(src/ros_tutorials) by extensions ['ros']
[0.361s] Level 1:colcon.colcon_core.package_identification:_identify(src/ros_tutorials) by extension 'ros'
[0.361s] Level 1:colcon.colcon_core.package_identification:_identify(src/ros_tutorials) by extensions ['cmake', 'python']
[0.361s] Level 1:colcon.colcon_core.package_identification:_identify(src/ros_tutorials) by extension 'cmake'
[0.361s] Level 1:colcon.colcon_core.package_identification:_identify(src/ros_tutorials) by extension 'python'
[0.361s] Level 1:colcon.colcon_core.package_identification:_identify(src/ros_tutorials) by extensions ['python_setup_py']
[0.361s] Level 1:colcon.colcon_core.package_identification:_identify(src/ros_tutorials) by extension 'python_setup_py'
[0.362s] Level 1:colcon.colcon_core.package_identification:_identify(src/ros_tutorials/ros_tutorials) by extensions ['ignore', 'ignore_ament_install']
[0.362s] Level 1:colcon.colcon_core.package_identification:_identify(src/ros_tutorials/ros_tutorials) by extension 'ignore'
[0.362s] Level 1:colcon.colcon_core.package_identification:_identify(src/ros_tutorials/ros_tutorials) ignored
[0.362s] Level 1:colcon.colcon_core.package_identification:_identify(src/ros_tutorials/roscpp_tutorials) by extensions ['ignore', 'ignore_ament_install']
[0.362s] Level 1:colcon.colcon_core.package_identification:_identify(src/ros_tutorials/roscpp_tutorials) by extension 'ignore'
[0.362s] Level 1:colcon.colcon_core.package_identification:_identify(src/ros_tutorials/roscpp_tutorials) ignored
[0.362s] Level 1:colcon.colcon_core.package_identification:_identify(src/ros_tutorials/rospy_tutorials) by extensions ['ignore', 'ignore_ament_install']
[0.362s] Level 1:colcon.colcon_core.package_identification:_identify(src/ros_tutorials/rospy_tutorials) by extension 'ignore'
[0.362s] Level 1:colcon.colcon_core.package_identification:_identify(src/ros_tutorials/rospy_tutorials) ignored
[0.362s] Level 1:colcon.colcon_core.package_identification:_identify(src/ros_tutorials/turtlesim) by extensions ['ignore', 'ignore_ament_install']
[0.362s] Level 1:colcon.colcon_core.package_identification:_identify(src/ros_tutorials/turtlesim) by extension 'ignore'
[0.362s] Level 1:colcon.colcon_core.package_identification:_identify(src/ros_tutorials/turtlesim) by extension 'ignore_ament_install'
[0.362s] Level 1:colcon.colcon_core.package_identification:_identify(src/ros_tutorials/turtlesim) by extensions ['colcon_pkg']
[0.363s] Level 1:colcon.colcon_core.package_identification:_identify(src/ros_tutorials/turtlesim) by extension 'colcon_pkg'
[0.363s] Level 1:colcon.colcon_core.package_identification:_identify(src/ros_tutorials/turtlesim) by extensions ['colcon_meta']
[0.363s] Level 1:colcon.colcon_core.package_identification:_identify(src/ros_tutorials/turtlesim) by extension 'colcon_meta'
[0.363s] Level 1:colcon.colcon_core.package_identification:_identify(src/ros_tutorials/turtlesim) by extensions ['ros']
[0.363s] Level 1:colcon.colcon_core.package_identification:_identify(src/ros_tutorials/turtlesim) by extension 'ros'
[0.367s] DEBUG:colcon.colcon_core.package_identification:Package 'src/ros_tutorials/turtlesim' with type 'ros.ament_cmake' and name 'turtlesim'
[0.367s] Level 1:colcon.colcon_core.package_discovery:discover_packages(recursive) using defaults
[0.367s] Level 1:colcon.colcon_core.package_discovery:discover_packages(ignore) discover
[0.367s] Level 1:colcon.colcon_core.package_discovery:discover_packages(ignore) using defaults
[0.367s] Level 1:colcon.colcon_core.package_discovery:discover_packages(path) discover
[0.367s] Level 1:colcon.colcon_core.package_discovery:discover_packages(path) using defaults
[0.394s] Level 5:colcon.colcon_core.verb:set package 'turtlesim' build argument 'cmake_args' from command line to 'None'
[0.394s] Level 5:colcon.colcon_core.verb:set package 'turtlesim' build argument 'cmake_target' from command line to 'None'
[0.394s] Level 5:colcon.colcon_core.verb:set package 'turtlesim' build argument 'cmake_target_skip_unavailable' from command line to 'False'
[0.394s] Level 5:colcon.colcon_core.verb:set package 'turtlesim' build argument 'cmake_clean_cache' from command line to 'False'
[0.394s] Level 5:colcon.colcon_core.verb:set package 'turtlesim' build argument 'cmake_clean_first' from command line to 'False'
[0.394s] Level 5:colcon.colcon_core.verb:set package 'turtlesim' build argument 'cmake_force_configure' from command line to 'False'
[0.394s] Level 5:colcon.colcon_core.verb:set package 'turtlesim' build argument 'ament_cmake_args' from command line to 'None'
[0.394s] Level 5:colcon.colcon_core.verb:set package 'turtlesim' build argument 'catkin_cmake_args' from command line to 'None'
[0.394s] Level 5:colcon.colcon_core.verb:set package 'turtlesim' build argument 'catkin_skip_building_tests' from command line to 'False'
[0.394s] DEBUG:colcon.colcon_core.verb:Building package 'turtlesim' with the following arguments: {'ament_cmake_args': None, 'build_base': '/home/ubuntu/hiwonder_ws-B/build/turtlesim', 'catkin_cmake_args': None, 'catkin_skip_building_tests': False, 'cmake_args': None, 'cmake_clean_cache': False, 'cmake_clean_first': False, 'cmake_force_configure': False, 'cmake_target': None, 'cmake_target_skip_unavailable': False, 'install_base': '/home/ubuntu/hiwonder_ws-B/install/turtlesim', 'merge_install': False, 'path': '/home/ubuntu/hiwonder_ws-B/src/ros_tutorials/turtlesim', 'symlink_install': False, 'test_result_base': None}
[0.394s] INFO:colcon.colcon_core.executor:Executing jobs using 'parallel' executor
[0.396s] DEBUG:colcon.colcon_parallel_executor.executor.parallel:run_until_complete
[0.396s] INFO:colcon.colcon_ros.task.ament_cmake.build:Building ROS package in '/home/ubuntu/hiwonder_ws-B/src/ros_tutorials/turtlesim' with build type 'ament_cmake'
[0.396s] INFO:colcon.colcon_cmake.task.cmake.build:Building CMake package in '/home/ubuntu/hiwonder_ws-B/src/ros_tutorials/turtlesim'
[0.399s] INFO:colcon.colcon_core.plugin_system:Skipping extension 'colcon_core.shell.bat': Not used on non-Windows systems
[0.399s] INFO:colcon.colcon_core.shell:Skip shell extension 'powershell' for command environment: Not usable outside of PowerShell
[0.399s] DEBUG:colcon.colcon_core.shell:Skip shell extension 'dsv' for command environment
[0.401s] WARNING:colcon.colcon_core.prefix_path.colcon:The path '/home/ubuntu/hiwonder_ws_a/install' in the environment variable COLCON_PREFIX_PATH doesn't exist
[0.411s] DEBUG:colcon.colcon_core.event_handler.log_command:Invoking command in '/home/ubuntu/hiwonder_ws-B/build/turtlesim': CMAKE_PREFIX_PATH=/home/ubuntu/hiwonder_ws/install/hello_world_demo:/opt/ros/humble /usr/bin/cmake /home/ubuntu/hiwonder_ws-B/src/ros_tutorials/turtlesim -DCMAKE_INSTALL_PREFIX=/home/ubuntu/hiwonder_ws-B/install/turtlesim
[3.364s] DEBUG:colcon.colcon_core.event_handler.log_command:Invoked command in '/home/ubuntu/hiwonder_ws-B/build/turtlesim' returned '0': CMAKE_PREFIX_PATH=/home/ubuntu/hiwonder_ws/install/hello_world_demo:/opt/ros/humble /usr/bin/cmake /home/ubuntu/hiwonder_ws-B/src/ros_tutorials/turtlesim -DCMAKE_INSTALL_PREFIX=/home/ubuntu/hiwonder_ws-B/install/turtlesim
[3.365s] DEBUG:colcon.colcon_core.event_handler.log_command:Invoking command in '/home/ubuntu/hiwonder_ws-B/build/turtlesim': CMAKE_PREFIX_PATH=/home/ubuntu/hiwonder_ws/install/hello_world_demo:/opt/ros/humble /usr/bin/cmake --build /home/ubuntu/hiwonder_ws-B/build/turtlesim -- -j4 -l4
[68.370s] DEBUG:colcon.colcon_core.event_handler.log_command:Invoked command in '/home/ubuntu/hiwonder_ws-B/build/turtlesim' returned '0': CMAKE_PREFIX_PATH=/home/ubuntu/hiwonder_ws/install/hello_world_demo:/opt/ros/humble /usr/bin/cmake --build /home/ubuntu/hiwonder_ws-B/build/turtlesim -- -j4 -l4
[68.380s] DEBUG:colcon.colcon_core.event_handler.log_command:Invoking command in '/home/ubuntu/hiwonder_ws-B/build/turtlesim': CMAKE_PREFIX_PATH=/home/ubuntu/hiwonder_ws/install/hello_world_demo:/opt/ros/humble /usr/bin/cmake --install /home/ubuntu/hiwonder_ws-B/build/turtlesim
[68.581s] Level 1:colcon.colcon_core.environment:create_environment_scripts_only(turtlesim)
[68.582s] DEBUG:colcon.colcon_core.event_handler.log_command:Invoked command in '/home/ubuntu/hiwonder_ws-B/build/turtlesim' returned '0': CMAKE_PREFIX_PATH=/home/ubuntu/hiwonder_ws/install/hello_world_demo:/opt/ros/humble /usr/bin/cmake --install /home/ubuntu/hiwonder_ws-B/build/turtlesim
[68.584s] Level 1:colcon.colcon_core.environment:checking '/home/ubuntu/hiwonder_ws-B/install/turtlesim' for CMake module files
[68.585s] Level 1:colcon.colcon_core.environment:checking '/home/ubuntu/hiwonder_ws-B/install/turtlesim' for CMake config files
[68.586s] Level 1:colcon.colcon_core.shell:create_environment_hook('turtlesim', 'cmake_prefix_path')
[68.587s] INFO:colcon.colcon_core.shell:Creating environment hook '/home/ubuntu/hiwonder_ws-B/install/turtlesim/share/turtlesim/hook/cmake_prefix_path.ps1'
[68.588s] INFO:colcon.colcon_core.shell:Creating environment descriptor '/home/ubuntu/hiwonder_ws-B/install/turtlesim/share/turtlesim/hook/cmake_prefix_path.dsv'
[68.588s] INFO:colcon.colcon_core.shell:Creating environment hook '/home/ubuntu/hiwonder_ws-B/install/turtlesim/share/turtlesim/hook/cmake_prefix_path.sh'
[68.589s] Level 1:colcon.colcon_core.environment:checking '/home/ubuntu/hiwonder_ws-B/install/turtlesim/lib'
[68.590s] Level 1:colcon.colcon_core.shell:create_environment_hook('turtlesim', 'ld_library_path_lib')
[68.590s] INFO:colcon.colcon_core.shell:Creating environment hook '/home/ubuntu/hiwonder_ws-B/install/turtlesim/share/turtlesim/hook/ld_library_path_lib.ps1'
[68.590s] INFO:colcon.colcon_core.shell:Creating environment descriptor '/home/ubuntu/hiwonder_ws-B/install/turtlesim/share/turtlesim/hook/ld_library_path_lib.dsv'
[68.591s] INFO:colcon.colcon_core.shell:Creating environment hook '/home/ubuntu/hiwonder_ws-B/install/turtlesim/share/turtlesim/hook/ld_library_path_lib.sh'
[68.591s] Level 1:colcon.colcon_core.environment:checking '/home/ubuntu/hiwonder_ws-B/install/turtlesim/bin'
[68.591s] Level 1:colcon.colcon_core.environment:checking '/home/ubuntu/hiwonder_ws-B/install/turtlesim/lib/pkgconfig/turtlesim.pc'
[68.593s] Level 1:colcon.colcon_core.environment:checking '/home/ubuntu/hiwonder_ws-B/install/turtlesim/lib/python3.10/site-packages'
[68.594s] Level 1:colcon.colcon_core.environment:checking '/home/ubuntu/hiwonder_ws-B/install/turtlesim/bin'
[68.594s] INFO:colcon.colcon_core.shell:Creating package script '/home/ubuntu/hiwonder_ws-B/install/turtlesim/share/turtlesim/package.ps1'
[68.595s] INFO:colcon.colcon_core.shell:Creating package descriptor '/home/ubuntu/hiwonder_ws-B/install/turtlesim/share/turtlesim/package.dsv'
[68.596s] INFO:colcon.colcon_core.shell:Creating package script '/home/ubuntu/hiwonder_ws-B/install/turtlesim/share/turtlesim/package.sh'
[68.600s] INFO:colcon.colcon_core.shell:Creating package script '/home/ubuntu/hiwonder_ws-B/install/turtlesim/share/turtlesim/package.bash'
[68.601s] INFO:colcon.colcon_core.shell:Creating package script '/home/ubuntu/hiwonder_ws-B/install/turtlesim/share/turtlesim/package.zsh'
[68.601s] Level 1:colcon.colcon_core.environment:create_file_with_runtime_dependencies(/home/ubuntu/hiwonder_ws-B/install/turtlesim/share/colcon-core/packages/turtlesim)
[68.602s] Level 1:colcon.colcon_core.environment:create_environment_scripts_only(turtlesim)
[68.602s] Level 1:colcon.colcon_core.environment:checking '/home/ubuntu/hiwonder_ws-B/install/turtlesim' for CMake module files
[68.603s] Level 1:colcon.colcon_core.environment:checking '/home/ubuntu/hiwonder_ws-B/install/turtlesim' for CMake config files
[68.604s] Level 1:colcon.colcon_core.shell:create_environment_hook('turtlesim', 'cmake_prefix_path')
[68.604s] INFO:colcon.colcon_core.shell:Creating environment hook '/home/ubuntu/hiwonder_ws-B/install/turtlesim/share/turtlesim/hook/cmake_prefix_path.ps1'
[68.605s] INFO:colcon.colcon_core.shell:Creating environment descriptor '/home/ubuntu/hiwonder_ws-B/install/turtlesim/share/turtlesim/hook/cmake_prefix_path.dsv'
[68.606s] INFO:colcon.colcon_core.shell:Creating environment hook '/home/ubuntu/hiwonder_ws-B/install/turtlesim/share/turtlesim/hook/cmake_prefix_path.sh'
[68.612s] Level 1:colcon.colcon_core.environment:checking '/home/ubuntu/hiwonder_ws-B/install/turtlesim/lib'
[68.612s] Level 1:colcon.colcon_core.shell:create_environment_hook('turtlesim', 'ld_library_path_lib')
[68.613s] INFO:colcon.colcon_core.shell:Creating environment hook '/home/ubuntu/hiwonder_ws-B/install/turtlesim/share/turtlesim/hook/ld_library_path_lib.ps1'
[68.616s] INFO:colcon.colcon_core.shell:Creating environment descriptor '/home/ubuntu/hiwonder_ws-B/install/turtlesim/share/turtlesim/hook/ld_library_path_lib.dsv'
[68.622s] INFO:colcon.colcon_core.shell:Creating environment hook '/home/ubuntu/hiwonder_ws-B/install/turtlesim/share/turtlesim/hook/ld_library_path_lib.sh'
[68.628s] Level 1:colcon.colcon_core.environment:checking '/home/ubuntu/hiwonder_ws-B/install/turtlesim/bin'
[68.628s] Level 1:colcon.colcon_core.environment:checking '/home/ubuntu/hiwonder_ws-B/install/turtlesim/lib/pkgconfig/turtlesim.pc'
[68.629s] Level 1:colcon.colcon_core.environment:checking '/home/ubuntu/hiwonder_ws-B/install/turtlesim/lib/python3.10/site-packages'
[68.629s] Level 1:colcon.colcon_core.environment:checking '/home/ubuntu/hiwonder_ws-B/install/turtlesim/bin'
[68.630s] INFO:colcon.colcon_core.shell:Creating package script '/home/ubuntu/hiwonder_ws-B/install/turtlesim/share/turtlesim/package.ps1'
[68.634s] INFO:colcon.colcon_core.shell:Creating package descriptor '/home/ubuntu/hiwonder_ws-B/install/turtlesim/share/turtlesim/package.dsv'
[68.639s] INFO:colcon.colcon_core.shell:Creating package script '/home/ubuntu/hiwonder_ws-B/install/turtlesim/share/turtlesim/package.sh'
[68.644s] INFO:colcon.colcon_core.shell:Creating package script '/home/ubuntu/hiwonder_ws-B/install/turtlesim/share/turtlesim/package.bash'
[68.650s] INFO:colcon.colcon_core.shell:Creating package script '/home/ubuntu/hiwonder_ws-B/install/turtlesim/share/turtlesim/package.zsh'
[68.656s] Level 1:colcon.colcon_core.environment:create_file_with_runtime_dependencies(/home/ubuntu/hiwonder_ws-B/install/turtlesim/share/colcon-core/packages/turtlesim)
[68.660s] DEBUG:colcon.colcon_parallel_executor.executor.parallel:closing loop
[68.661s] DEBUG:colcon.colcon_parallel_executor.executor.parallel:loop closed
[68.661s] DEBUG:colcon.colcon_parallel_executor.executor.parallel:run_until_complete finished with '0'
[68.661s] DEBUG:colcon.colcon_core.event_reactor:joining thread
[68.706s] INFO:colcon.colcon_core.plugin_system:Skipping extension 'colcon_notification.desktop_notification.notify_send': Could not find 'notify-send'
[68.707s] INFO:colcon.colcon_core.plugin_system:Skipping extension 'colcon_notification.desktop_notification.terminal_notifier': Not used on non-Darwin systems
[68.707s] INFO:colcon.colcon_core.plugin_system:Skipping extension 'colcon_notification.desktop_notification.win32': Not used on non-Windows systems
[68.707s] INFO:colcon.colcon_notification.desktop_notification:Sending desktop notification using 'notify2'
[68.709s] DEBUG:colcon.colcon_notification.desktop_notification.notify2:Failed to initialize notify2: org.freedesktop.DBus.Error.Spawn.ExecFailed: /usr/bin/dbus-launch terminated abnormally without any error message
[68.709s] DEBUG:colcon.colcon_core.event_reactor:joined thread
[68.710s] INFO:colcon.colcon_core.shell:Creating prefix script '/home/ubuntu/hiwonder_ws-B/install/local_setup.ps1'
[68.711s] INFO:colcon.colcon_core.shell:Creating prefix util module '/home/ubuntu/hiwonder_ws-B/install/_local_setup_util_ps1.py'
[68.713s] INFO:colcon.colcon_core.shell:Creating prefix chain script '/home/ubuntu/hiwonder_ws-B/install/setup.ps1'
[68.715s] INFO:colcon.colcon_core.shell:Creating prefix script '/home/ubuntu/hiwonder_ws-B/install/local_setup.sh'
[68.716s] INFO:colcon.colcon_core.shell:Creating prefix util module '/home/ubuntu/hiwonder_ws-B/install/_local_setup_util_sh.py'
[68.716s] INFO:colcon.colcon_core.shell:Creating prefix chain script '/home/ubuntu/hiwonder_ws-B/install/setup.sh'
[68.718s] INFO:colcon.colcon_core.shell:Creating prefix script '/home/ubuntu/hiwonder_ws-B/install/local_setup.bash'
[68.718s] INFO:colcon.colcon_core.shell:Creating prefix chain script '/home/ubuntu/hiwonder_ws-B/install/setup.bash'
[68.719s] INFO:colcon.colcon_core.shell:Creating prefix script '/home/ubuntu/hiwonder_ws-B/install/local_setup.zsh'
[68.720s] INFO:colcon.colcon_core.shell:Creating prefix chain script '/home/ubuntu/hiwonder_ws-B/install/setup.zsh'
