[0.015s] Invoking command in '/home/ubuntu/hiwonder_ws-B/build/turtlesim': CMAKE_PREFIX_PATH=/home/ubuntu/hiwonder_ws/install/hello_world_demo:/opt/ros/humble /usr/bin/cmake /home/ubuntu/hiwonder_ws-B/src/ros_tutorials/turtlesim -DCMAKE_INSTALL_PREFIX=/home/ubuntu/hiwonder_ws-B/install/turtlesim
[0.083s] -- The C compiler identification is GNU 11.4.0
[0.152s] -- The CXX compiler identification is GNU 11.4.0
[0.160s] -- Detecting C compiler ABI info
[0.239s] -- Detecting C compiler ABI info - done
[0.248s] -- Check for working C compiler: /usr/bin/cc - skipped
[0.249s] -- Detecting C compile features
[0.249s] -- Detecting C compile features - done
[0.253s] -- Detecting CXX compiler ABI info
[0.348s] -- Detecting CXX compiler ABI info - done
[0.358s] -- Check for working CXX compiler: /usr/bin/c++ - skipped
[0.358s] -- Detecting CXX compile features
[0.359s] -- Detecting CXX compile features - done
[0.363s] -- Found ament_cmake: 1.3.11 (/opt/ros/humble/share/ament_cmake/cmake)
[0.553s] -- Found Python3: /usr/bin/python3 (found version "3.10.12") found components: Interpreter 
[0.675s] -- Found ament_index_cpp: 1.4.0 (/opt/ros/humble/share/ament_index_cpp/cmake)
[0.679s] -- Found geometry_msgs: 4.8.0 (/opt/ros/humble/share/geometry_msgs/cmake)
[0.731s] -- Found rosidl_generator_c: 3.1.6 (/opt/ros/humble/share/rosidl_generator_c/cmake)
[0.738s] -- Found rosidl_adapter: 3.1.6 (/opt/ros/humble/share/rosidl_adapter/cmake)
[0.750s] -- Found rosidl_generator_cpp: 3.1.6 (/opt/ros/humble/share/rosidl_generator_cpp/cmake)
[0.766s] -- Using all available rosidl_typesupport_c: rosidl_typesupport_fastrtps_c;rosidl_typesupport_introspection_c
[0.788s] -- Using all available rosidl_typesupport_cpp: rosidl_typesupport_fastrtps_cpp;rosidl_typesupport_introspection_cpp
[0.915s] -- Found rclcpp: 16.0.12 (/opt/ros/humble/share/rclcpp/cmake)
[0.975s] -- Found rmw_implementation_cmake: 6.1.2 (/opt/ros/humble/share/rmw_implementation_cmake/cmake)
[0.979s] -- Found rmw_fastrtps_cpp: 6.2.7 (/opt/ros/humble/share/rmw_fastrtps_cpp/cmake)
[1.084s] -- Found OpenSSL: /usr/lib/aarch64-linux-gnu/libcrypto.so (found version "3.0.2")  
[1.133s] -- Found FastRTPS: /opt/ros/humble/include  
[1.208s] -- Using RMW implementation 'rmw_fastrtps_cpp' as default
[1.220s] -- Looking for pthread.h
[1.304s] -- Looking for pthread.h - found
[1.305s] -- Performing Test CMAKE_HAVE_LIBC_PTHREAD
[1.389s] -- Performing Test CMAKE_HAVE_LIBC_PTHREAD - Success
[1.390s] -- Found Threads: TRUE  
[1.450s] -- Found rclcpp_action: 16.0.12 (/opt/ros/humble/share/rclcpp_action/cmake)
[1.502s] -- Found rosidl_default_generators: 1.2.0 (/opt/ros/humble/share/rosidl_default_generators/cmake)
[1.522s] -- Found std_srvs: 4.8.0 (/opt/ros/humble/share/std_srvs/cmake)
[1.992s] -- Found ament_cmake_ros: 0.10.0 (/opt/ros/humble/share/ament_cmake_ros/cmake)
[2.454s] -- Using all available rosidl_typesupport_c: rosidl_typesupport_fastrtps_c;rosidl_typesupport_introspection_c
[2.623s] -- Using all available rosidl_typesupport_cpp: rosidl_typesupport_fastrtps_cpp;rosidl_typesupport_introspection_cpp
[2.653s] -- Found PythonInterp: /usr/bin/python3 (found suitable version "3.10.12", minimum required is "3.6") 
[2.656s] -- Found python_cmake_module: 0.10.0 (/opt/ros/humble/share/python_cmake_module/cmake)
[2.694s] -- Found PythonLibs: /usr/lib/aarch64-linux-gnu/libpython3.10.so (found suitable version "3.10.12", minimum required is "3.5") 
[2.694s] -- Using PYTHON_EXECUTABLE: /usr/bin/python3
[2.694s] -- Using PYTHON_INCLUDE_DIRS: /usr/include/python3.10
[2.694s] -- Using PYTHON_LIBRARIES: /usr/lib/aarch64-linux-gnu/libpython3.10.so
[2.723s] -- Found PythonExtra: .so  
[2.804s] -- Configuring done
[2.905s] -- Generating done
[2.941s] -- Build files have been written to: /home/ubuntu/hiwonder_ws-B/build/turtlesim
[2.966s] Invoked command in '/home/ubuntu/hiwonder_ws-B/build/turtlesim' returned '0': CMAKE_PREFIX_PATH=/home/ubuntu/hiwonder_ws/install/hello_world_demo:/opt/ros/humble /usr/bin/cmake /home/ubuntu/hiwonder_ws-B/src/ros_tutorials/turtlesim -DCMAKE_INSTALL_PREFIX=/home/ubuntu/hiwonder_ws-B/install/turtlesim
[2.968s] Invoking command in '/home/ubuntu/hiwonder_ws-B/build/turtlesim': CMAKE_PREFIX_PATH=/home/ubuntu/hiwonder_ws/install/hello_world_demo:/opt/ros/humble /usr/bin/cmake --build /home/ubuntu/hiwonder_ws-B/build/turtlesim -- -j4 -l4
[3.017s] [  1%] [34m[1mGenerating C code for ROS interfaces[0m
[3.029s] [  2%] [34m[1mGenerating C++ code for ROS interfaces[0m
[3.047s] [  2%] Built target ament_cmake_python_copy_turtlesim
[3.394s] running egg_info
[3.394s] creating turtlesim.egg-info
[3.394s] writing turtlesim.egg-info/PKG-INFO
[3.395s] writing dependency_links to turtlesim.egg-info/dependency_links.txt
[3.395s] writing top-level names to turtlesim.egg-info/top_level.txt
[3.395s] writing manifest file 'turtlesim.egg-info/SOURCES.txt'
[3.398s] reading manifest file 'turtlesim.egg-info/SOURCES.txt'
[3.399s] writing manifest file 'turtlesim.egg-info/SOURCES.txt'
[3.476s] [  2%] Built target ament_cmake_python_build_turtlesim_egg
[4.943s] [  2%] Built target turtlesim__cpp
[4.969s] [  3%] [34m[1mGenerating C++ type support for eProsima Fast-RTPS[0m
[4.990s] [  4%] [34m[1mGenerating C++ type support dispatch for ROS interfaces[0m
[4.999s] [  5%] [34m[1mGenerating C++ introspection for ROS interfaces[0m
[5.136s] [  6%] [32mBuilding C object CMakeFiles/turtlesim__rosidl_generator_c.dir/rosidl_generator_c/turtlesim/action/detail/rotate_absolute__functions.c.o[0m
[5.741s] [  7%] [32mBuilding C object CMakeFiles/turtlesim__rosidl_generator_c.dir/rosidl_generator_c/turtlesim/msg/detail/color__functions.c.o[0m
[5.841s] [  8%] [32mBuilding C object CMakeFiles/turtlesim__rosidl_generator_c.dir/rosidl_generator_c/turtlesim/msg/detail/pose__functions.c.o[0m
[5.925s] [  9%] [32mBuilding C object CMakeFiles/turtlesim__rosidl_generator_c.dir/rosidl_generator_c/turtlesim/srv/detail/kill__functions.c.o[0m
[6.022s] [ 10%] [32mBuilding C object CMakeFiles/turtlesim__rosidl_generator_c.dir/rosidl_generator_c/turtlesim/srv/detail/set_pen__functions.c.o[0m
[6.114s] [ 11%] [32mBuilding C object CMakeFiles/turtlesim__rosidl_generator_c.dir/rosidl_generator_c/turtlesim/srv/detail/spawn__functions.c.o[0m
[6.210s] [ 12%] [32mBuilding C object CMakeFiles/turtlesim__rosidl_generator_c.dir/rosidl_generator_c/turtlesim/srv/detail/teleport_absolute__functions.c.o[0m
[6.320s] [ 13%] [32mBuilding C object CMakeFiles/turtlesim__rosidl_generator_c.dir/rosidl_generator_c/turtlesim/srv/detail/teleport_relative__functions.c.o[0m
[6.406s] [ 14%] [32mBuilding CXX object CMakeFiles/turtlesim__rosidl_typesupport_cpp.dir/rosidl_typesupport_cpp/turtlesim/action/rotate_absolute__type_support.cpp.o[0m
[6.447s] [ 15%] [32m[1mLinking C shared library libturtlesim__rosidl_generator_c.so[0m
[6.535s] [ 15%] Built target turtlesim__rosidl_generator_c
[6.553s] [ 16%] [32mBuilding CXX object CMakeFiles/turtlesim__rosidl_typesupport_cpp.dir/rosidl_typesupport_cpp/turtlesim/msg/color__type_support.cpp.o[0m
[6.614s] [ 17%] [32mBuilding CXX object CMakeFiles/turtlesim__rosidl_typesupport_introspection_cpp.dir/rosidl_typesupport_introspection_cpp/turtlesim/action/detail/rotate_absolute__type_support.cpp.o[0m
[7.159s] [ 18%] [32mBuilding CXX object CMakeFiles/turtlesim__rosidl_typesupport_cpp.dir/rosidl_typesupport_cpp/turtlesim/msg/pose__type_support.cpp.o[0m
[7.182s] [ 19%] [32mBuilding CXX object CMakeFiles/turtlesim__rosidl_typesupport_fastrtps_cpp.dir/rosidl_typesupport_fastrtps_cpp/turtlesim/action/detail/dds_fastrtps/rotate_absolute__type_support.cpp.o[0m
[7.398s] [ 20%] [32mBuilding CXX object CMakeFiles/turtlesim__rosidl_typesupport_fastrtps_cpp.dir/rosidl_typesupport_fastrtps_cpp/turtlesim/msg/detail/dds_fastrtps/color__type_support.cpp.o[0m
[7.731s] [ 21%] [32mBuilding CXX object CMakeFiles/turtlesim__rosidl_typesupport_cpp.dir/rosidl_typesupport_cpp/turtlesim/srv/kill__type_support.cpp.o[0m
[7.887s] [ 22%] [32mBuilding CXX object CMakeFiles/turtlesim__rosidl_typesupport_introspection_cpp.dir/rosidl_typesupport_introspection_cpp/turtlesim/msg/detail/color__type_support.cpp.o[0m
[8.201s] [ 23%] [32mBuilding CXX object CMakeFiles/turtlesim__rosidl_typesupport_fastrtps_cpp.dir/rosidl_typesupport_fastrtps_cpp/turtlesim/msg/detail/dds_fastrtps/pose__type_support.cpp.o[0m
[8.327s] [ 24%] [32mBuilding CXX object CMakeFiles/turtlesim__rosidl_typesupport_cpp.dir/rosidl_typesupport_cpp/turtlesim/srv/set_pen__type_support.cpp.o[0m
[8.563s] [ 25%] [32mBuilding CXX object CMakeFiles/turtlesim__rosidl_typesupport_fastrtps_cpp.dir/rosidl_typesupport_fastrtps_cpp/turtlesim/srv/detail/dds_fastrtps/kill__type_support.cpp.o[0m
[8.685s] [ 26%] [32mBuilding CXX object CMakeFiles/turtlesim__rosidl_typesupport_introspection_cpp.dir/rosidl_typesupport_introspection_cpp/turtlesim/msg/detail/pose__type_support.cpp.o[0m
[8.905s] [ 27%] [32mBuilding CXX object CMakeFiles/turtlesim__rosidl_typesupport_cpp.dir/rosidl_typesupport_cpp/turtlesim/srv/spawn__type_support.cpp.o[0m
[9.009s] [ 28%] [32mBuilding CXX object CMakeFiles/turtlesim__rosidl_typesupport_fastrtps_cpp.dir/rosidl_typesupport_fastrtps_cpp/turtlesim/srv/detail/dds_fastrtps/set_pen__type_support.cpp.o[0m
[9.391s] [ 29%] [32mBuilding CXX object CMakeFiles/turtlesim__rosidl_typesupport_introspection_cpp.dir/rosidl_typesupport_introspection_cpp/turtlesim/srv/detail/kill__type_support.cpp.o[0m
[9.432s] [ 30%] [32mBuilding CXX object CMakeFiles/turtlesim__rosidl_typesupport_fastrtps_cpp.dir/rosidl_typesupport_fastrtps_cpp/turtlesim/srv/detail/dds_fastrtps/spawn__type_support.cpp.o[0m
[9.465s] [ 31%] [32mBuilding CXX object CMakeFiles/turtlesim__rosidl_typesupport_cpp.dir/rosidl_typesupport_cpp/turtlesim/srv/teleport_absolute__type_support.cpp.o[0m
[9.989s] [ 32%] [32mBuilding CXX object CMakeFiles/turtlesim__rosidl_typesupport_cpp.dir/rosidl_typesupport_cpp/turtlesim/srv/teleport_relative__type_support.cpp.o[0m
[10.140s] [ 33%] [32mBuilding CXX object CMakeFiles/turtlesim__rosidl_typesupport_fastrtps_cpp.dir/rosidl_typesupport_fastrtps_cpp/turtlesim/srv/detail/dds_fastrtps/teleport_absolute__type_support.cpp.o[0m
[10.173s] [ 34%] [32mBuilding CXX object CMakeFiles/turtlesim__rosidl_typesupport_introspection_cpp.dir/rosidl_typesupport_introspection_cpp/turtlesim/srv/detail/set_pen__type_support.cpp.o[0m
[10.278s] [ 35%] [32mBuilding CXX object CMakeFiles/turtlesim__rosidl_typesupport_fastrtps_cpp.dir/rosidl_typesupport_fastrtps_cpp/turtlesim/srv/detail/dds_fastrtps/teleport_relative__type_support.cpp.o[0m
[10.495s] [ 36%] [32m[1mLinking CXX shared library libturtlesim__rosidl_typesupport_cpp.so[0m
[10.603s] [ 36%] Built target turtlesim__rosidl_typesupport_cpp
[10.626s] [ 37%] [34m[1mGenerating C type support for eProsima Fast-RTPS[0m
[11.058s] [ 38%] [32mBuilding CXX object CMakeFiles/turtlesim__rosidl_typesupport_introspection_cpp.dir/rosidl_typesupport_introspection_cpp/turtlesim/srv/detail/spawn__type_support.cpp.o[0m
[11.127s] [ 39%] [32mBuilding CXX object CMakeFiles/turtlesim__rosidl_typesupport_introspection_cpp.dir/rosidl_typesupport_introspection_cpp/turtlesim/srv/detail/teleport_absolute__type_support.cpp.o[0m
[11.249s] [ 40%] [32m[1mLinking CXX shared library libturtlesim__rosidl_typesupport_fastrtps_cpp.so[0m
[11.549s] [ 40%] Built target turtlesim__rosidl_typesupport_fastrtps_cpp
[11.590s] [ 41%] [34m[1mGenerating C introspection for ROS interfaces[0m
[12.060s] [ 42%] [32mBuilding CXX object CMakeFiles/turtlesim__rosidl_typesupport_introspection_cpp.dir/rosidl_typesupport_introspection_cpp/turtlesim/srv/detail/teleport_relative__type_support.cpp.o[0m
[12.481s] [ 43%] [34m[1mGenerating C type support dispatch for ROS interfaces[0m
[13.141s] [ 44%] [32mBuilding CXX object CMakeFiles/turtlesim__rosidl_typesupport_fastrtps_c.dir/rosidl_typesupport_fastrtps_c/turtlesim/action/detail/rotate_absolute__type_support_c.cpp.o[0m
[13.254s] [ 45%] [32m[1mLinking CXX shared library libturtlesim__rosidl_typesupport_introspection_cpp.so[0m
[13.486s] [ 46%] [32mBuilding C object CMakeFiles/turtlesim__rosidl_typesupport_introspection_c.dir/rosidl_typesupport_introspection_c/turtlesim/action/detail/rotate_absolute__type_support.c.o[0m
[13.583s] [ 46%] Built target turtlesim__rosidl_typesupport_introspection_cpp
[13.619s] [ 47%] [34m[1mGenerating include/turtlesim/moc_turtle_frame.cpp[0m
[13.661s] [ 48%] [32mBuilding C object CMakeFiles/turtlesim__rosidl_typesupport_introspection_c.dir/rosidl_typesupport_introspection_c/turtlesim/msg/detail/color__type_support.c.o[0m
[13.811s] [ 49%] [32mBuilding C object CMakeFiles/turtlesim__rosidl_typesupport_introspection_c.dir/rosidl_typesupport_introspection_c/turtlesim/msg/detail/pose__type_support.c.o[0m
[13.973s] [ 50%] [32mBuilding CXX object CMakeFiles/turtlesim_node.dir/src/turtlesim.cpp.o[0m
[13.980s] [ 51%] [32mBuilding C object CMakeFiles/turtlesim__rosidl_typesupport_introspection_c.dir/rosidl_typesupport_introspection_c/turtlesim/srv/detail/kill__type_support.c.o[0m
[14.051s] [ 52%] [32mBuilding C object CMakeFiles/turtlesim__rosidl_typesupport_introspection_c.dir/rosidl_typesupport_introspection_c/turtlesim/srv/detail/set_pen__type_support.c.o[0m
[14.084s] [ 53%] [32mBuilding CXX object CMakeFiles/turtlesim__rosidl_typesupport_c.dir/rosidl_typesupport_c/turtlesim/action/rotate_absolute__type_support.cpp.o[0m
[14.118s] [ 54%] [32mBuilding C object CMakeFiles/turtlesim__rosidl_typesupport_introspection_c.dir/rosidl_typesupport_introspection_c/turtlesim/srv/detail/spawn__type_support.c.o[0m
[14.226s] [ 55%] [32mBuilding C object CMakeFiles/turtlesim__rosidl_typesupport_introspection_c.dir/rosidl_typesupport_introspection_c/turtlesim/srv/detail/teleport_absolute__type_support.c.o[0m
[14.284s] [ 56%] [32mBuilding CXX object CMakeFiles/turtlesim__rosidl_typesupport_c.dir/rosidl_typesupport_c/turtlesim/msg/color__type_support.cpp.o[0m
[14.349s] [ 57%] [32mBuilding CXX object CMakeFiles/turtlesim__rosidl_typesupport_fastrtps_c.dir/rosidl_typesupport_fastrtps_c/turtlesim/msg/detail/color__type_support_c.cpp.o[0m
[14.382s] [ 58%] [32mBuilding C object CMakeFiles/turtlesim__rosidl_typesupport_introspection_c.dir/rosidl_typesupport_introspection_c/turtlesim/srv/detail/teleport_relative__type_support.c.o[0m
[14.408s] [ 59%] [32mBuilding CXX object CMakeFiles/turtlesim__rosidl_typesupport_c.dir/rosidl_typesupport_c/turtlesim/msg/pose__type_support.cpp.o[0m
[14.498s] [ 60%] [32m[1mLinking C shared library libturtlesim__rosidl_typesupport_introspection_c.so[0m
[14.504s] [ 61%] [32mBuilding CXX object CMakeFiles/turtlesim__rosidl_typesupport_c.dir/rosidl_typesupport_c/turtlesim/srv/kill__type_support.cpp.o[0m
[14.557s] [ 62%] [32mBuilding CXX object CMakeFiles/turtlesim__rosidl_typesupport_c.dir/rosidl_typesupport_c/turtlesim/srv/set_pen__type_support.cpp.o[0m
[14.568s] [ 62%] Built target turtlesim__rosidl_typesupport_introspection_c
[14.603s] [ 63%] [32mBuilding CXX object CMakeFiles/turtle_teleop_key.dir/tutorials/teleop_turtle_key.cpp.o[0m
[14.650s] [ 64%] [32mBuilding CXX object CMakeFiles/turtlesim__rosidl_typesupport_c.dir/rosidl_typesupport_c/turtlesim/srv/spawn__type_support.cpp.o[0m
[14.702s] [ 65%] [32mBuilding CXX object CMakeFiles/turtlesim__rosidl_typesupport_c.dir/rosidl_typesupport_c/turtlesim/srv/teleport_absolute__type_support.cpp.o[0m
[14.760s] [ 66%] [32mBuilding CXX object CMakeFiles/turtlesim__rosidl_typesupport_c.dir/rosidl_typesupport_c/turtlesim/srv/teleport_relative__type_support.cpp.o[0m
[14.817s] [ 67%] [32m[1mLinking CXX shared library libturtlesim__rosidl_typesupport_c.so[0m
[14.956s] [ 67%] Built target turtlesim__rosidl_typesupport_c
[15.002s] [ 68%] [32mBuilding CXX object CMakeFiles/draw_square.dir/tutorials/draw_square.cpp.o[0m
[15.043s] [ 69%] [32mBuilding CXX object CMakeFiles/turtlesim__rosidl_typesupport_fastrtps_c.dir/rosidl_typesupport_fastrtps_c/turtlesim/msg/detail/pose__type_support_c.cpp.o[0m
[15.858s] [ 70%] [32mBuilding CXX object CMakeFiles/turtlesim__rosidl_typesupport_fastrtps_c.dir/rosidl_typesupport_fastrtps_c/turtlesim/srv/detail/kill__type_support_c.cpp.o[0m
[16.691s] [ 71%] [32mBuilding CXX object CMakeFiles/turtlesim__rosidl_typesupport_fastrtps_c.dir/rosidl_typesupport_fastrtps_c/turtlesim/srv/detail/set_pen__type_support_c.cpp.o[0m
[17.554s] [ 72%] [32mBuilding CXX object CMakeFiles/turtlesim__rosidl_typesupport_fastrtps_c.dir/rosidl_typesupport_fastrtps_c/turtlesim/srv/detail/spawn__type_support_c.cpp.o[0m
[18.348s] [ 73%] [32mBuilding CXX object CMakeFiles/turtlesim__rosidl_typesupport_fastrtps_c.dir/rosidl_typesupport_fastrtps_c/turtlesim/srv/detail/teleport_absolute__type_support_c.cpp.o[0m
[19.151s] [ 74%] [32mBuilding CXX object CMakeFiles/turtlesim__rosidl_typesupport_fastrtps_c.dir/rosidl_typesupport_fastrtps_c/turtlesim/srv/detail/teleport_relative__type_support_c.cpp.o[0m
[20.439s] [ 75%] [32m[1mLinking CXX shared library libturtlesim__rosidl_typesupport_fastrtps_c.so[0m
[20.717s] [ 75%] Built target turtlesim__rosidl_typesupport_fastrtps_c
[20.782s] [ 76%] [32mBuilding CXX object CMakeFiles/mimic.dir/tutorials/mimic.cpp.o[0m
[23.796s] [ 77%] [32mBuilding CXX object CMakeFiles/turtlesim_node.dir/src/turtle.cpp.o[0m
[30.569s] [ 78%] [32m[1mLinking CXX executable turtle_teleop_key[0m
[31.784s] [ 78%] Built target turtle_teleop_key
[31.821s] [ 78%] Built target turtlesim
[31.871s] [ 79%] [34m[1mGenerating Python code for ROS interfaces[0m
[36.538s] [ 79%] Built target turtlesim__py
[36.565s] [ 80%] [32mBuilding C object CMakeFiles/turtlesim__rosidl_generator_py.dir/rosidl_generator_py/turtlesim/action/_rotate_absolute_s.c.o[0m
[37.282s] [ 81%] [32mBuilding C object CMakeFiles/turtlesim__rosidl_generator_py.dir/rosidl_generator_py/turtlesim/msg/_color_s.c.o[0m
[37.669s] [ 82%] [32mBuilding C object CMakeFiles/turtlesim__rosidl_generator_py.dir/rosidl_generator_py/turtlesim/msg/_pose_s.c.o[0m
[38.084s] [ 83%] [32mBuilding C object CMakeFiles/turtlesim__rosidl_generator_py.dir/rosidl_generator_py/turtlesim/srv/_kill_s.c.o[0m
[38.537s] [ 84%] [32mBuilding C object CMakeFiles/turtlesim__rosidl_generator_py.dir/rosidl_generator_py/turtlesim/srv/_set_pen_s.c.o[0m
[38.789s] [ 85%] [32mBuilding C object CMakeFiles/turtlesim__rosidl_generator_py.dir/rosidl_generator_py/turtlesim/srv/_spawn_s.c.o[0m
[39.107s] [ 86%] [32mBuilding C object CMakeFiles/turtlesim__rosidl_generator_py.dir/rosidl_generator_py/turtlesim/srv/_teleport_absolute_s.c.o[0m
[39.517s] [ 87%] [32mBuilding C object CMakeFiles/turtlesim__rosidl_generator_py.dir/rosidl_generator_py/turtlesim/srv/_teleport_relative_s.c.o[0m
[39.781s] [ 88%] [32m[1mLinking C shared library rosidl_generator_py/turtlesim/libturtlesim__rosidl_generator_py.so[0m
[39.926s] [ 88%] Built target turtlesim__rosidl_generator_py
[39.947s] [ 89%] [32mBuilding CXX object CMakeFiles/turtlesim_node.dir/src/turtle_frame.cpp.o[0m
[41.075s] [ 90%] [32m[1mLinking CXX executable draw_square[0m
[42.636s] [ 90%] Built target draw_square
[42.666s] [ 91%] [32mBuilding C object CMakeFiles/turtlesim__rosidl_typesupport_fastrtps_c__pyext.dir/rosidl_generator_py/turtlesim/_turtlesim_s.ep.rosidl_typesupport_fastrtps_c.c.o[0m
[43.086s] [ 92%] [32m[1mLinking C shared library rosidl_generator_py/turtlesim/turtlesim_s__rosidl_typesupport_fastrtps_c.cpython-310-aarch64-linux-gnu.so[0m
[43.210s] [ 92%] Built target turtlesim__rosidl_typesupport_fastrtps_c__pyext
[43.248s] [ 93%] [32mBuilding C object CMakeFiles/turtlesim__rosidl_typesupport_introspection_c__pyext.dir/rosidl_generator_py/turtlesim/_turtlesim_s.ep.rosidl_typesupport_introspection_c.c.o[0m
[43.663s] [ 94%] [32m[1mLinking C shared library rosidl_generator_py/turtlesim/turtlesim_s__rosidl_typesupport_introspection_c.cpython-310-aarch64-linux-gnu.so[0m
[43.802s] [ 94%] Built target turtlesim__rosidl_typesupport_introspection_c__pyext
[43.845s] [ 95%] [32mBuilding C object CMakeFiles/turtlesim__rosidl_typesupport_c__pyext.dir/rosidl_generator_py/turtlesim/_turtlesim_s.ep.rosidl_typesupport_c.c.o[0m
[44.162s] [ 96%] [32m[1mLinking CXX executable mimic[0m
[44.297s] [ 97%] [32m[1mLinking C shared library rosidl_generator_py/turtlesim/turtlesim_s__rosidl_typesupport_c.cpython-310-aarch64-linux-gnu.so[0m
[44.451s] [ 97%] Built target turtlesim__rosidl_typesupport_c__pyext
[44.498s] [ 98%] [32mBuilding CXX object CMakeFiles/turtlesim_node.dir/include/turtlesim/moc_turtle_frame.cpp.o[0m
[46.197s] [ 98%] Built target mimic
[62.869s] [100%] [32m[1mLinking CXX executable turtlesim_node[0m
[67.958s] [100%] Built target turtlesim_node
[67.973s] Invoked command in '/home/ubuntu/hiwonder_ws-B/build/turtlesim' returned '0': CMAKE_PREFIX_PATH=/home/ubuntu/hiwonder_ws/install/hello_world_demo:/opt/ros/humble /usr/bin/cmake --build /home/ubuntu/hiwonder_ws-B/build/turtlesim -- -j4 -l4
[67.984s] Invoking command in '/home/ubuntu/hiwonder_ws-B/build/turtlesim': CMAKE_PREFIX_PATH=/home/ubuntu/hiwonder_ws/install/hello_world_demo:/opt/ros/humble /usr/bin/cmake --install /home/ubuntu/hiwonder_ws-B/build/turtlesim
[67.997s] -- Install configuration: ""
[67.997s] -- Installing: /home/ubuntu/hiwonder_ws-B/install/turtlesim/share/ament_index/resource_index/rosidl_interfaces/turtlesim
[67.998s] -- Installing: /home/ubuntu/hiwonder_ws-B/install/turtlesim/include/turtlesim/turtlesim
[67.998s] -- Installing: /home/ubuntu/hiwonder_ws-B/install/turtlesim/include/turtlesim/turtlesim/msg
[67.998s] -- Installing: /home/ubuntu/hiwonder_ws-B/install/turtlesim/include/turtlesim/turtlesim/msg/color.h
[67.999s] -- Installing: /home/ubuntu/hiwonder_ws-B/install/turtlesim/include/turtlesim/turtlesim/msg/pose.h
[67.999s] -- Installing: /home/ubuntu/hiwonder_ws-B/install/turtlesim/include/turtlesim/turtlesim/msg/rosidl_generator_c__visibility_control.h
[67.999s] -- Installing: /home/ubuntu/hiwonder_ws-B/install/turtlesim/include/turtlesim/turtlesim/msg/detail
[67.999s] -- Installing: /home/ubuntu/hiwonder_ws-B/install/turtlesim/include/turtlesim/turtlesim/msg/detail/pose__struct.h
[67.999s] -- Installing: /home/ubuntu/hiwonder_ws-B/install/turtlesim/include/turtlesim/turtlesim/msg/detail/color__type_support.h
[67.999s] -- Installing: /home/ubuntu/hiwonder_ws-B/install/turtlesim/include/turtlesim/turtlesim/msg/detail/pose__type_support.h
[68.000s] -- Installing: /home/ubuntu/hiwonder_ws-B/install/turtlesim/include/turtlesim/turtlesim/msg/detail/color__struct.h
[68.000s] -- Installing: /home/ubuntu/hiwonder_ws-B/install/turtlesim/include/turtlesim/turtlesim/msg/detail/pose__functions.h
[68.000s] -- Installing: /home/ubuntu/hiwonder_ws-B/install/turtlesim/include/turtlesim/turtlesim/msg/detail/color__functions.c
[68.000s] -- Installing: /home/ubuntu/hiwonder_ws-B/install/turtlesim/include/turtlesim/turtlesim/msg/detail/color__functions.h
[68.000s] -- Installing: /home/ubuntu/hiwonder_ws-B/install/turtlesim/include/turtlesim/turtlesim/msg/detail/pose__functions.c
[68.001s] -- Installing: /home/ubuntu/hiwonder_ws-B/install/turtlesim/include/turtlesim/turtlesim/action
[68.001s] -- Installing: /home/ubuntu/hiwonder_ws-B/install/turtlesim/include/turtlesim/turtlesim/action/rotate_absolute.h
[68.001s] -- Installing: /home/ubuntu/hiwonder_ws-B/install/turtlesim/include/turtlesim/turtlesim/action/detail
[68.001s] -- Installing: /home/ubuntu/hiwonder_ws-B/install/turtlesim/include/turtlesim/turtlesim/action/detail/rotate_absolute__functions.h
[68.001s] -- Installing: /home/ubuntu/hiwonder_ws-B/install/turtlesim/include/turtlesim/turtlesim/action/detail/rotate_absolute__functions.c
[68.001s] -- Installing: /home/ubuntu/hiwonder_ws-B/install/turtlesim/include/turtlesim/turtlesim/action/detail/rotate_absolute__type_support.h
[68.001s] -- Installing: /home/ubuntu/hiwonder_ws-B/install/turtlesim/include/turtlesim/turtlesim/action/detail/rotate_absolute__struct.h
[68.002s] -- Installing: /home/ubuntu/hiwonder_ws-B/install/turtlesim/include/turtlesim/turtlesim/srv
[68.002s] -- Installing: /home/ubuntu/hiwonder_ws-B/install/turtlesim/include/turtlesim/turtlesim/srv/set_pen.h
[68.002s] -- Installing: /home/ubuntu/hiwonder_ws-B/install/turtlesim/include/turtlesim/turtlesim/srv/teleport_absolute.h
[68.002s] -- Installing: /home/ubuntu/hiwonder_ws-B/install/turtlesim/include/turtlesim/turtlesim/srv/kill.h
[68.003s] -- Installing: /home/ubuntu/hiwonder_ws-B/install/turtlesim/include/turtlesim/turtlesim/srv/teleport_relative.h
[68.003s] -- Installing: /home/ubuntu/hiwonder_ws-B/install/turtlesim/include/turtlesim/turtlesim/srv/spawn.h
[68.003s] -- Installing: /home/ubuntu/hiwonder_ws-B/install/turtlesim/include/turtlesim/turtlesim/srv/detail
[68.003s] -- Installing: /home/ubuntu/hiwonder_ws-B/install/turtlesim/include/turtlesim/turtlesim/srv/detail/set_pen__struct.h
[68.003s] -- Installing: /home/ubuntu/hiwonder_ws-B/install/turtlesim/include/turtlesim/turtlesim/srv/detail/teleport_absolute__struct.h
[68.003s] -- Installing: /home/ubuntu/hiwonder_ws-B/install/turtlesim/include/turtlesim/turtlesim/srv/detail/teleport_relative__struct.h
[68.003s] -- Installing: /home/ubuntu/hiwonder_ws-B/install/turtlesim/include/turtlesim/turtlesim/srv/detail/teleport_relative__functions.c
[68.003s] -- Installing: /home/ubuntu/hiwonder_ws-B/install/turtlesim/include/turtlesim/turtlesim/srv/detail/teleport_absolute__type_support.h
[68.003s] -- Installing: /home/ubuntu/hiwonder_ws-B/install/turtlesim/include/turtlesim/turtlesim/srv/detail/spawn__functions.h
[68.004s] -- Installing: /home/ubuntu/hiwonder_ws-B/install/turtlesim/include/turtlesim/turtlesim/srv/detail/kill__functions.h
[68.004s] -- Installing: /home/ubuntu/hiwonder_ws-B/install/turtlesim/include/turtlesim/turtlesim/srv/detail/teleport_absolute__functions.c
[68.004s] -- Installing: /home/ubuntu/hiwonder_ws-B/install/turtlesim/include/turtlesim/turtlesim/srv/detail/teleport_relative__functions.h
[68.004s] -- Installing: /home/ubuntu/hiwonder_ws-B/install/turtlesim/include/turtlesim/turtlesim/srv/detail/set_pen__functions.h
[68.004s] -- Installing: /home/ubuntu/hiwonder_ws-B/install/turtlesim/include/turtlesim/turtlesim/srv/detail/set_pen__functions.c
[68.004s] -- Installing: /home/ubuntu/hiwonder_ws-B/install/turtlesim/include/turtlesim/turtlesim/srv/detail/spawn__functions.c
[68.004s] -- Installing: /home/ubuntu/hiwonder_ws-B/install/turtlesim/include/turtlesim/turtlesim/srv/detail/teleport_absolute__functions.h
[68.004s] -- Installing: /home/ubuntu/hiwonder_ws-B/install/turtlesim/include/turtlesim/turtlesim/srv/detail/kill__functions.c
[68.005s] -- Installing: /home/ubuntu/hiwonder_ws-B/install/turtlesim/include/turtlesim/turtlesim/srv/detail/spawn__struct.h
[68.005s] -- Installing: /home/ubuntu/hiwonder_ws-B/install/turtlesim/include/turtlesim/turtlesim/srv/detail/kill__struct.h
[68.005s] -- Installing: /home/ubuntu/hiwonder_ws-B/install/turtlesim/include/turtlesim/turtlesim/srv/detail/teleport_relative__type_support.h
[68.005s] -- Installing: /home/ubuntu/hiwonder_ws-B/install/turtlesim/include/turtlesim/turtlesim/srv/detail/set_pen__type_support.h
[68.005s] -- Installing: /home/ubuntu/hiwonder_ws-B/install/turtlesim/include/turtlesim/turtlesim/srv/detail/kill__type_support.h
[68.005s] -- Installing: /home/ubuntu/hiwonder_ws-B/install/turtlesim/include/turtlesim/turtlesim/srv/detail/spawn__type_support.h
[68.006s] -- Installing: /home/ubuntu/hiwonder_ws-B/install/turtlesim/share/turtlesim/environment/library_path.sh
[68.006s] -- Installing: /home/ubuntu/hiwonder_ws-B/install/turtlesim/share/turtlesim/environment/library_path.dsv
[68.006s] -- Installing: /home/ubuntu/hiwonder_ws-B/install/turtlesim/lib/libturtlesim__rosidl_generator_c.so
[68.007s] -- Set runtime path of "/home/ubuntu/hiwonder_ws-B/install/turtlesim/lib/libturtlesim__rosidl_generator_c.so" to ""
[68.007s] -- Up-to-date: /home/ubuntu/hiwonder_ws-B/install/turtlesim/include/turtlesim/turtlesim
[68.007s] -- Up-to-date: /home/ubuntu/hiwonder_ws-B/install/turtlesim/include/turtlesim/turtlesim/msg
[68.007s] -- Installing: /home/ubuntu/hiwonder_ws-B/install/turtlesim/include/turtlesim/turtlesim/msg/rosidl_typesupport_fastrtps_c__visibility_control.h
[68.008s] -- Up-to-date: /home/ubuntu/hiwonder_ws-B/install/turtlesim/include/turtlesim/turtlesim/msg/detail
[68.008s] -- Installing: /home/ubuntu/hiwonder_ws-B/install/turtlesim/include/turtlesim/turtlesim/msg/detail/color__rosidl_typesupport_fastrtps_c.h
[68.008s] -- Installing: /home/ubuntu/hiwonder_ws-B/install/turtlesim/include/turtlesim/turtlesim/msg/detail/pose__rosidl_typesupport_fastrtps_c.h
[68.009s] -- Up-to-date: /home/ubuntu/hiwonder_ws-B/install/turtlesim/include/turtlesim/turtlesim/action
[68.009s] -- Up-to-date: /home/ubuntu/hiwonder_ws-B/install/turtlesim/include/turtlesim/turtlesim/action/detail
[68.009s] -- Installing: /home/ubuntu/hiwonder_ws-B/install/turtlesim/include/turtlesim/turtlesim/action/detail/rotate_absolute__rosidl_typesupport_fastrtps_c.h
[68.009s] -- Up-to-date: /home/ubuntu/hiwonder_ws-B/install/turtlesim/include/turtlesim/turtlesim/srv
[68.009s] -- Up-to-date: /home/ubuntu/hiwonder_ws-B/install/turtlesim/include/turtlesim/turtlesim/srv/detail
[68.009s] -- Installing: /home/ubuntu/hiwonder_ws-B/install/turtlesim/include/turtlesim/turtlesim/srv/detail/set_pen__rosidl_typesupport_fastrtps_c.h
[68.009s] -- Installing: /home/ubuntu/hiwonder_ws-B/install/turtlesim/include/turtlesim/turtlesim/srv/detail/teleport_relative__rosidl_typesupport_fastrtps_c.h
[68.009s] -- Installing: /home/ubuntu/hiwonder_ws-B/install/turtlesim/include/turtlesim/turtlesim/srv/detail/spawn__rosidl_typesupport_fastrtps_c.h
[68.010s] -- Installing: /home/ubuntu/hiwonder_ws-B/install/turtlesim/include/turtlesim/turtlesim/srv/detail/teleport_absolute__rosidl_typesupport_fastrtps_c.h
[68.010s] -- Installing: /home/ubuntu/hiwonder_ws-B/install/turtlesim/include/turtlesim/turtlesim/srv/detail/kill__rosidl_typesupport_fastrtps_c.h
[68.011s] -- Installing: /home/ubuntu/hiwonder_ws-B/install/turtlesim/lib/libturtlesim__rosidl_typesupport_fastrtps_c.so
[68.011s] -- Set runtime path of "/home/ubuntu/hiwonder_ws-B/install/turtlesim/lib/libturtlesim__rosidl_typesupport_fastrtps_c.so" to ""
[68.011s] -- Up-to-date: /home/ubuntu/hiwonder_ws-B/install/turtlesim/include/turtlesim/turtlesim
[68.011s] -- Up-to-date: /home/ubuntu/hiwonder_ws-B/install/turtlesim/include/turtlesim/turtlesim/msg
[68.011s] -- Installing: /home/ubuntu/hiwonder_ws-B/install/turtlesim/include/turtlesim/turtlesim/msg/pose.hpp
[68.011s] -- Installing: /home/ubuntu/hiwonder_ws-B/install/turtlesim/include/turtlesim/turtlesim/msg/rosidl_generator_cpp__visibility_control.hpp
[68.011s] -- Up-to-date: /home/ubuntu/hiwonder_ws-B/install/turtlesim/include/turtlesim/turtlesim/msg/detail
[68.011s] -- Installing: /home/ubuntu/hiwonder_ws-B/install/turtlesim/include/turtlesim/turtlesim/msg/detail/color__struct.hpp
[68.011s] -- Installing: /home/ubuntu/hiwonder_ws-B/install/turtlesim/include/turtlesim/turtlesim/msg/detail/color__traits.hpp
[68.011s] -- Installing: /home/ubuntu/hiwonder_ws-B/install/turtlesim/include/turtlesim/turtlesim/msg/detail/color__builder.hpp
[68.014s] -- Installing: /home/ubuntu/hiwonder_ws-B/install/turtlesim/include/turtlesim/turtlesim/msg/detail/color__type_support.hpp
[68.014s] -- Installing: /home/ubuntu/hiwonder_ws-B/install/turtlesim/include/turtlesim/turtlesim/msg/detail/pose__builder.hpp
[68.014s] -- Installing: /home/ubuntu/hiwonder_ws-B/install/turtlesim/include/turtlesim/turtlesim/msg/detail/pose__traits.hpp
[68.014s] -- Installing: /home/ubuntu/hiwonder_ws-B/install/turtlesim/include/turtlesim/turtlesim/msg/detail/pose__type_support.hpp
[68.015s] -- Installing: /home/ubuntu/hiwonder_ws-B/install/turtlesim/include/turtlesim/turtlesim/msg/detail/pose__struct.hpp
[68.015s] -- Installing: /home/ubuntu/hiwonder_ws-B/install/turtlesim/include/turtlesim/turtlesim/msg/color.hpp
[68.015s] -- Up-to-date: /home/ubuntu/hiwonder_ws-B/install/turtlesim/include/turtlesim/turtlesim/action
[68.015s] -- Installing: /home/ubuntu/hiwonder_ws-B/install/turtlesim/include/turtlesim/turtlesim/action/rotate_absolute.hpp
[68.015s] -- Up-to-date: /home/ubuntu/hiwonder_ws-B/install/turtlesim/include/turtlesim/turtlesim/action/detail
[68.015s] -- Installing: /home/ubuntu/hiwonder_ws-B/install/turtlesim/include/turtlesim/turtlesim/action/detail/rotate_absolute__builder.hpp
[68.015s] -- Installing: /home/ubuntu/hiwonder_ws-B/install/turtlesim/include/turtlesim/turtlesim/action/detail/rotate_absolute__struct.hpp
[68.016s] -- Installing: /home/ubuntu/hiwonder_ws-B/install/turtlesim/include/turtlesim/turtlesim/action/detail/rotate_absolute__traits.hpp
[68.016s] -- Installing: /home/ubuntu/hiwonder_ws-B/install/turtlesim/include/turtlesim/turtlesim/action/detail/rotate_absolute__type_support.hpp
[68.016s] -- Up-to-date: /home/ubuntu/hiwonder_ws-B/install/turtlesim/include/turtlesim/turtlesim/srv
[68.016s] -- Installing: /home/ubuntu/hiwonder_ws-B/install/turtlesim/include/turtlesim/turtlesim/srv/teleport_relative.hpp
[68.016s] -- Installing: /home/ubuntu/hiwonder_ws-B/install/turtlesim/include/turtlesim/turtlesim/srv/set_pen.hpp
[68.016s] -- Installing: /home/ubuntu/hiwonder_ws-B/install/turtlesim/include/turtlesim/turtlesim/srv/kill.hpp
[68.016s] -- Installing: /home/ubuntu/hiwonder_ws-B/install/turtlesim/include/turtlesim/turtlesim/srv/teleport_absolute.hpp
[68.016s] -- Installing: /home/ubuntu/hiwonder_ws-B/install/turtlesim/include/turtlesim/turtlesim/srv/spawn.hpp
[68.016s] -- Up-to-date: /home/ubuntu/hiwonder_ws-B/install/turtlesim/include/turtlesim/turtlesim/srv/detail
[68.017s] -- Installing: /home/ubuntu/hiwonder_ws-B/install/turtlesim/include/turtlesim/turtlesim/srv/detail/teleport_absolute__type_support.hpp
[68.017s] -- Installing: /home/ubuntu/hiwonder_ws-B/install/turtlesim/include/turtlesim/turtlesim/srv/detail/teleport_absolute__struct.hpp
[68.017s] -- Installing: /home/ubuntu/hiwonder_ws-B/install/turtlesim/include/turtlesim/turtlesim/srv/detail/teleport_absolute__builder.hpp
[68.017s] -- Installing: /home/ubuntu/hiwonder_ws-B/install/turtlesim/include/turtlesim/turtlesim/srv/detail/set_pen__builder.hpp
[68.017s] -- Installing: /home/ubuntu/hiwonder_ws-B/install/turtlesim/include/turtlesim/turtlesim/srv/detail/spawn__struct.hpp
[68.017s] -- Installing: /home/ubuntu/hiwonder_ws-B/install/turtlesim/include/turtlesim/turtlesim/srv/detail/spawn__traits.hpp
[68.017s] -- Installing: /home/ubuntu/hiwonder_ws-B/install/turtlesim/include/turtlesim/turtlesim/srv/detail/teleport_relative__traits.hpp
[68.017s] -- Installing: /home/ubuntu/hiwonder_ws-B/install/turtlesim/include/turtlesim/turtlesim/srv/detail/spawn__builder.hpp
[68.018s] -- Installing: /home/ubuntu/hiwonder_ws-B/install/turtlesim/include/turtlesim/turtlesim/srv/detail/set_pen__struct.hpp
[68.018s] -- Installing: /home/ubuntu/hiwonder_ws-B/install/turtlesim/include/turtlesim/turtlesim/srv/detail/teleport_absolute__traits.hpp
[68.018s] -- Installing: /home/ubuntu/hiwonder_ws-B/install/turtlesim/include/turtlesim/turtlesim/srv/detail/set_pen__type_support.hpp
[68.018s] -- Installing: /home/ubuntu/hiwonder_ws-B/install/turtlesim/include/turtlesim/turtlesim/srv/detail/teleport_relative__builder.hpp
[68.018s] -- Installing: /home/ubuntu/hiwonder_ws-B/install/turtlesim/include/turtlesim/turtlesim/srv/detail/set_pen__traits.hpp
[68.019s] -- Installing: /home/ubuntu/hiwonder_ws-B/install/turtlesim/include/turtlesim/turtlesim/srv/detail/kill__builder.hpp
[68.019s] -- Installing: /home/ubuntu/hiwonder_ws-B/install/turtlesim/include/turtlesim/turtlesim/srv/detail/teleport_relative__type_support.hpp
[68.019s] -- Installing: /home/ubuntu/hiwonder_ws-B/install/turtlesim/include/turtlesim/turtlesim/srv/detail/teleport_relative__struct.hpp
[68.019s] -- Installing: /home/ubuntu/hiwonder_ws-B/install/turtlesim/include/turtlesim/turtlesim/srv/detail/kill__type_support.hpp
[68.019s] -- Installing: /home/ubuntu/hiwonder_ws-B/install/turtlesim/include/turtlesim/turtlesim/srv/detail/kill__struct.hpp
[68.019s] -- Installing: /home/ubuntu/hiwonder_ws-B/install/turtlesim/include/turtlesim/turtlesim/srv/detail/kill__traits.hpp
[68.019s] -- Installing: /home/ubuntu/hiwonder_ws-B/install/turtlesim/include/turtlesim/turtlesim/srv/detail/spawn__type_support.hpp
[68.019s] -- Up-to-date: /home/ubuntu/hiwonder_ws-B/install/turtlesim/include/turtlesim/turtlesim
[68.019s] -- Up-to-date: /home/ubuntu/hiwonder_ws-B/install/turtlesim/include/turtlesim/turtlesim/msg
[68.019s] -- Installing: /home/ubuntu/hiwonder_ws-B/install/turtlesim/include/turtlesim/turtlesim/msg/rosidl_typesupport_fastrtps_cpp__visibility_control.h
[68.019s] -- Up-to-date: /home/ubuntu/hiwonder_ws-B/install/turtlesim/include/turtlesim/turtlesim/msg/detail
[68.020s] -- Installing: /home/ubuntu/hiwonder_ws-B/install/turtlesim/include/turtlesim/turtlesim/msg/detail/pose__rosidl_typesupport_fastrtps_cpp.hpp
[68.020s] -- Installing: /home/ubuntu/hiwonder_ws-B/install/turtlesim/include/turtlesim/turtlesim/msg/detail/color__rosidl_typesupport_fastrtps_cpp.hpp
[68.020s] -- Installing: /home/ubuntu/hiwonder_ws-B/install/turtlesim/include/turtlesim/turtlesim/msg/detail/dds_fastrtps
[68.020s] -- Up-to-date: /home/ubuntu/hiwonder_ws-B/install/turtlesim/include/turtlesim/turtlesim/action
[68.020s] -- Up-to-date: /home/ubuntu/hiwonder_ws-B/install/turtlesim/include/turtlesim/turtlesim/action/detail
[68.020s] -- Installing: /home/ubuntu/hiwonder_ws-B/install/turtlesim/include/turtlesim/turtlesim/action/detail/rotate_absolute__rosidl_typesupport_fastrtps_cpp.hpp
[68.020s] -- Installing: /home/ubuntu/hiwonder_ws-B/install/turtlesim/include/turtlesim/turtlesim/action/detail/dds_fastrtps
[68.020s] -- Up-to-date: /home/ubuntu/hiwonder_ws-B/install/turtlesim/include/turtlesim/turtlesim/srv
[68.020s] -- Up-to-date: /home/ubuntu/hiwonder_ws-B/install/turtlesim/include/turtlesim/turtlesim/srv/detail
[68.020s] -- Installing: /home/ubuntu/hiwonder_ws-B/install/turtlesim/include/turtlesim/turtlesim/srv/detail/teleport_absolute__rosidl_typesupport_fastrtps_cpp.hpp
[68.020s] -- Installing: /home/ubuntu/hiwonder_ws-B/install/turtlesim/include/turtlesim/turtlesim/srv/detail/spawn__rosidl_typesupport_fastrtps_cpp.hpp
[68.020s] -- Installing: /home/ubuntu/hiwonder_ws-B/install/turtlesim/include/turtlesim/turtlesim/srv/detail/set_pen__rosidl_typesupport_fastrtps_cpp.hpp
[68.021s] -- Installing: /home/ubuntu/hiwonder_ws-B/install/turtlesim/include/turtlesim/turtlesim/srv/detail/kill__rosidl_typesupport_fastrtps_cpp.hpp
[68.021s] -- Installing: /home/ubuntu/hiwonder_ws-B/install/turtlesim/include/turtlesim/turtlesim/srv/detail/teleport_relative__rosidl_typesupport_fastrtps_cpp.hpp
[68.021s] -- Installing: /home/ubuntu/hiwonder_ws-B/install/turtlesim/include/turtlesim/turtlesim/srv/detail/dds_fastrtps
[68.021s] -- Installing: /home/ubuntu/hiwonder_ws-B/install/turtlesim/lib/libturtlesim__rosidl_typesupport_fastrtps_cpp.so
[68.021s] -- Set runtime path of "/home/ubuntu/hiwonder_ws-B/install/turtlesim/lib/libturtlesim__rosidl_typesupport_fastrtps_cpp.so" to ""
[68.021s] -- Up-to-date: /home/ubuntu/hiwonder_ws-B/install/turtlesim/include/turtlesim/turtlesim
[68.021s] -- Up-to-date: /home/ubuntu/hiwonder_ws-B/install/turtlesim/include/turtlesim/turtlesim/msg
[68.021s] -- Installing: /home/ubuntu/hiwonder_ws-B/install/turtlesim/include/turtlesim/turtlesim/msg/rosidl_typesupport_introspection_c__visibility_control.h
[68.022s] -- Up-to-date: /home/ubuntu/hiwonder_ws-B/install/turtlesim/include/turtlesim/turtlesim/msg/detail
[68.022s] -- Installing: /home/ubuntu/hiwonder_ws-B/install/turtlesim/include/turtlesim/turtlesim/msg/detail/pose__type_support.c
[68.022s] -- Installing: /home/ubuntu/hiwonder_ws-B/install/turtlesim/include/turtlesim/turtlesim/msg/detail/color__rosidl_typesupport_introspection_c.h
[68.022s] -- Installing: /home/ubuntu/hiwonder_ws-B/install/turtlesim/include/turtlesim/turtlesim/msg/detail/pose__rosidl_typesupport_introspection_c.h
[68.022s] -- Installing: /home/ubuntu/hiwonder_ws-B/install/turtlesim/include/turtlesim/turtlesim/msg/detail/color__type_support.c
[68.023s] -- Up-to-date: /home/ubuntu/hiwonder_ws-B/install/turtlesim/include/turtlesim/turtlesim/action
[68.023s] -- Up-to-date: /home/ubuntu/hiwonder_ws-B/install/turtlesim/include/turtlesim/turtlesim/action/detail
[68.023s] -- Installing: /home/ubuntu/hiwonder_ws-B/install/turtlesim/include/turtlesim/turtlesim/action/detail/rotate_absolute__type_support.c
[68.023s] -- Installing: /home/ubuntu/hiwonder_ws-B/install/turtlesim/include/turtlesim/turtlesim/action/detail/rotate_absolute__rosidl_typesupport_introspection_c.h
[68.023s] -- Up-to-date: /home/ubuntu/hiwonder_ws-B/install/turtlesim/include/turtlesim/turtlesim/srv
[68.023s] -- Up-to-date: /home/ubuntu/hiwonder_ws-B/install/turtlesim/include/turtlesim/turtlesim/srv/detail
[68.023s] -- Installing: /home/ubuntu/hiwonder_ws-B/install/turtlesim/include/turtlesim/turtlesim/srv/detail/set_pen__type_support.c
[68.023s] -- Installing: /home/ubuntu/hiwonder_ws-B/install/turtlesim/include/turtlesim/turtlesim/srv/detail/spawn__rosidl_typesupport_introspection_c.h
[68.023s] -- Installing: /home/ubuntu/hiwonder_ws-B/install/turtlesim/include/turtlesim/turtlesim/srv/detail/teleport_relative__rosidl_typesupport_introspection_c.h
[68.023s] -- Installing: /home/ubuntu/hiwonder_ws-B/install/turtlesim/include/turtlesim/turtlesim/srv/detail/kill__type_support.c
[68.023s] -- Installing: /home/ubuntu/hiwonder_ws-B/install/turtlesim/include/turtlesim/turtlesim/srv/detail/teleport_absolute__rosidl_typesupport_introspection_c.h
[68.023s] -- Installing: /home/ubuntu/hiwonder_ws-B/install/turtlesim/include/turtlesim/turtlesim/srv/detail/set_pen__rosidl_typesupport_introspection_c.h
[68.024s] -- Installing: /home/ubuntu/hiwonder_ws-B/install/turtlesim/include/turtlesim/turtlesim/srv/detail/spawn__type_support.c
[68.025s] -- Installing: /home/ubuntu/hiwonder_ws-B/install/turtlesim/include/turtlesim/turtlesim/srv/detail/teleport_relative__type_support.c
[68.025s] -- Installing: /home/ubuntu/hiwonder_ws-B/install/turtlesim/include/turtlesim/turtlesim/srv/detail/kill__rosidl_typesupport_introspection_c.h
[68.026s] -- Installing: /home/ubuntu/hiwonder_ws-B/install/turtlesim/include/turtlesim/turtlesim/srv/detail/teleport_absolute__type_support.c
[68.026s] -- Installing: /home/ubuntu/hiwonder_ws-B/install/turtlesim/lib/libturtlesim__rosidl_typesupport_introspection_c.so
[68.026s] -- Set runtime path of "/home/ubuntu/hiwonder_ws-B/install/turtlesim/lib/libturtlesim__rosidl_typesupport_introspection_c.so" to ""
[68.026s] -- Installing: /home/ubuntu/hiwonder_ws-B/install/turtlesim/lib/libturtlesim__rosidl_typesupport_c.so
[68.026s] -- Set runtime path of "/home/ubuntu/hiwonder_ws-B/install/turtlesim/lib/libturtlesim__rosidl_typesupport_c.so" to ""
[68.026s] -- Up-to-date: /home/ubuntu/hiwonder_ws-B/install/turtlesim/include/turtlesim/turtlesim
[68.027s] -- Up-to-date: /home/ubuntu/hiwonder_ws-B/install/turtlesim/include/turtlesim/turtlesim/msg
[68.027s] -- Up-to-date: /home/ubuntu/hiwonder_ws-B/install/turtlesim/include/turtlesim/turtlesim/msg/detail
[68.027s] -- Installing: /home/ubuntu/hiwonder_ws-B/install/turtlesim/include/turtlesim/turtlesim/msg/detail/pose__type_support.cpp
[68.027s] -- Installing: /home/ubuntu/hiwonder_ws-B/install/turtlesim/include/turtlesim/turtlesim/msg/detail/color__rosidl_typesupport_introspection_cpp.hpp
[68.027s] -- Installing: /home/ubuntu/hiwonder_ws-B/install/turtlesim/include/turtlesim/turtlesim/msg/detail/color__type_support.cpp
[68.027s] -- Installing: /home/ubuntu/hiwonder_ws-B/install/turtlesim/include/turtlesim/turtlesim/msg/detail/pose__rosidl_typesupport_introspection_cpp.hpp
[68.027s] -- Up-to-date: /home/ubuntu/hiwonder_ws-B/install/turtlesim/include/turtlesim/turtlesim/action
[68.027s] -- Up-to-date: /home/ubuntu/hiwonder_ws-B/install/turtlesim/include/turtlesim/turtlesim/action/detail
[68.027s] -- Installing: /home/ubuntu/hiwonder_ws-B/install/turtlesim/include/turtlesim/turtlesim/action/detail/rotate_absolute__rosidl_typesupport_introspection_cpp.hpp
[68.027s] -- Installing: /home/ubuntu/hiwonder_ws-B/install/turtlesim/include/turtlesim/turtlesim/action/detail/rotate_absolute__type_support.cpp
[68.027s] -- Up-to-date: /home/ubuntu/hiwonder_ws-B/install/turtlesim/include/turtlesim/turtlesim/srv
[68.027s] -- Up-to-date: /home/ubuntu/hiwonder_ws-B/install/turtlesim/include/turtlesim/turtlesim/srv/detail
[68.028s] -- Installing: /home/ubuntu/hiwonder_ws-B/install/turtlesim/include/turtlesim/turtlesim/srv/detail/teleport_absolute__type_support.cpp
[68.028s] -- Installing: /home/ubuntu/hiwonder_ws-B/install/turtlesim/include/turtlesim/turtlesim/srv/detail/spawn__rosidl_typesupport_introspection_cpp.hpp
[68.028s] -- Installing: /home/ubuntu/hiwonder_ws-B/install/turtlesim/include/turtlesim/turtlesim/srv/detail/kill__rosidl_typesupport_introspection_cpp.hpp
[68.028s] -- Installing: /home/ubuntu/hiwonder_ws-B/install/turtlesim/include/turtlesim/turtlesim/srv/detail/set_pen__type_support.cpp
[68.028s] -- Installing: /home/ubuntu/hiwonder_ws-B/install/turtlesim/include/turtlesim/turtlesim/srv/detail/teleport_relative__rosidl_typesupport_introspection_cpp.hpp
[68.028s] -- Installing: /home/ubuntu/hiwonder_ws-B/install/turtlesim/include/turtlesim/turtlesim/srv/detail/kill__type_support.cpp
[68.028s] -- Installing: /home/ubuntu/hiwonder_ws-B/install/turtlesim/include/turtlesim/turtlesim/srv/detail/teleport_relative__type_support.cpp
[68.028s] -- Installing: /home/ubuntu/hiwonder_ws-B/install/turtlesim/include/turtlesim/turtlesim/srv/detail/spawn__type_support.cpp
[68.029s] -- Installing: /home/ubuntu/hiwonder_ws-B/install/turtlesim/include/turtlesim/turtlesim/srv/detail/teleport_absolute__rosidl_typesupport_introspection_cpp.hpp
[68.029s] -- Installing: /home/ubuntu/hiwonder_ws-B/install/turtlesim/include/turtlesim/turtlesim/srv/detail/set_pen__rosidl_typesupport_introspection_cpp.hpp
[68.029s] -- Installing: /home/ubuntu/hiwonder_ws-B/install/turtlesim/lib/libturtlesim__rosidl_typesupport_introspection_cpp.so
[68.029s] -- Set runtime path of "/home/ubuntu/hiwonder_ws-B/install/turtlesim/lib/libturtlesim__rosidl_typesupport_introspection_cpp.so" to ""
[68.029s] -- Installing: /home/ubuntu/hiwonder_ws-B/install/turtlesim/lib/libturtlesim__rosidl_typesupport_cpp.so
[68.029s] -- Set runtime path of "/home/ubuntu/hiwonder_ws-B/install/turtlesim/lib/libturtlesim__rosidl_typesupport_cpp.so" to ""
[68.030s] -- Installing: /home/ubuntu/hiwonder_ws-B/install/turtlesim/share/turtlesim/environment/pythonpath.sh
[68.031s] -- Installing: /home/ubuntu/hiwonder_ws-B/install/turtlesim/share/turtlesim/environment/pythonpath.dsv
[68.031s] -- Installing: /home/ubuntu/hiwonder_ws-B/install/turtlesim/local/lib/python3.10/dist-packages/turtlesim-1.4.2-py3.10.egg-info
[68.031s] -- Installing: /home/ubuntu/hiwonder_ws-B/install/turtlesim/local/lib/python3.10/dist-packages/turtlesim-1.4.2-py3.10.egg-info/dependency_links.txt
[68.031s] -- Installing: /home/ubuntu/hiwonder_ws-B/install/turtlesim/local/lib/python3.10/dist-packages/turtlesim-1.4.2-py3.10.egg-info/top_level.txt
[68.031s] -- Installing: /home/ubuntu/hiwonder_ws-B/install/turtlesim/local/lib/python3.10/dist-packages/turtlesim-1.4.2-py3.10.egg-info/SOURCES.txt
[68.032s] -- Installing: /home/ubuntu/hiwonder_ws-B/install/turtlesim/local/lib/python3.10/dist-packages/turtlesim-1.4.2-py3.10.egg-info/PKG-INFO
[68.032s] -- Installing: /home/ubuntu/hiwonder_ws-B/install/turtlesim/local/lib/python3.10/dist-packages/turtlesim
[68.032s] -- Installing: /home/ubuntu/hiwonder_ws-B/install/turtlesim/local/lib/python3.10/dist-packages/turtlesim/__init__.py
[68.032s] -- Installing: /home/ubuntu/hiwonder_ws-B/install/turtlesim/local/lib/python3.10/dist-packages/turtlesim/_turtlesim_s.ep.rosidl_typesupport_c.c
[68.032s] -- Installing: /home/ubuntu/hiwonder_ws-B/install/turtlesim/local/lib/python3.10/dist-packages/turtlesim/libturtlesim__rosidl_generator_py.so
[68.033s] -- Installing: /home/ubuntu/hiwonder_ws-B/install/turtlesim/local/lib/python3.10/dist-packages/turtlesim/msg
[68.033s] -- Installing: /home/ubuntu/hiwonder_ws-B/install/turtlesim/local/lib/python3.10/dist-packages/turtlesim/msg/__init__.py
[68.033s] -- Installing: /home/ubuntu/hiwonder_ws-B/install/turtlesim/local/lib/python3.10/dist-packages/turtlesim/msg/_color_s.c
[68.033s] -- Installing: /home/ubuntu/hiwonder_ws-B/install/turtlesim/local/lib/python3.10/dist-packages/turtlesim/msg/_color.py
[68.033s] -- Installing: /home/ubuntu/hiwonder_ws-B/install/turtlesim/local/lib/python3.10/dist-packages/turtlesim/msg/_pose_s.c
[68.033s] -- Installing: /home/ubuntu/hiwonder_ws-B/install/turtlesim/local/lib/python3.10/dist-packages/turtlesim/msg/_pose.py
[68.034s] -- Installing: /home/ubuntu/hiwonder_ws-B/install/turtlesim/local/lib/python3.10/dist-packages/turtlesim/_turtlesim_s.ep.rosidl_typesupport_fastrtps_c.c
[68.034s] -- Installing: /home/ubuntu/hiwonder_ws-B/install/turtlesim/local/lib/python3.10/dist-packages/turtlesim/action
[68.034s] -- Installing: /home/ubuntu/hiwonder_ws-B/install/turtlesim/local/lib/python3.10/dist-packages/turtlesim/action/__init__.py
[68.034s] -- Installing: /home/ubuntu/hiwonder_ws-B/install/turtlesim/local/lib/python3.10/dist-packages/turtlesim/action/_rotate_absolute.py
[68.034s] -- Installing: /home/ubuntu/hiwonder_ws-B/install/turtlesim/local/lib/python3.10/dist-packages/turtlesim/action/_rotate_absolute_s.c
[68.034s] -- Installing: /home/ubuntu/hiwonder_ws-B/install/turtlesim/local/lib/python3.10/dist-packages/turtlesim/_turtlesim_s.ep.rosidl_typesupport_introspection_c.c
[68.035s] -- Installing: /home/ubuntu/hiwonder_ws-B/install/turtlesim/local/lib/python3.10/dist-packages/turtlesim/turtlesim_s__rosidl_typesupport_fastrtps_c.cpython-310-aarch64-linux-gnu.so
[68.035s] -- Installing: /home/ubuntu/hiwonder_ws-B/install/turtlesim/local/lib/python3.10/dist-packages/turtlesim/turtlesim_s__rosidl_typesupport_c.cpython-310-aarch64-linux-gnu.so
[68.035s] -- Installing: /home/ubuntu/hiwonder_ws-B/install/turtlesim/local/lib/python3.10/dist-packages/turtlesim/srv
[68.035s] -- Installing: /home/ubuntu/hiwonder_ws-B/install/turtlesim/local/lib/python3.10/dist-packages/turtlesim/srv/__init__.py
[68.035s] -- Installing: /home/ubuntu/hiwonder_ws-B/install/turtlesim/local/lib/python3.10/dist-packages/turtlesim/srv/_set_pen.py
[68.036s] -- Installing: /home/ubuntu/hiwonder_ws-B/install/turtlesim/local/lib/python3.10/dist-packages/turtlesim/srv/_set_pen_s.c
[68.037s] -- Installing: /home/ubuntu/hiwonder_ws-B/install/turtlesim/local/lib/python3.10/dist-packages/turtlesim/srv/_spawn.py
[68.037s] -- Installing: /home/ubuntu/hiwonder_ws-B/install/turtlesim/local/lib/python3.10/dist-packages/turtlesim/srv/_kill.py
[68.037s] -- Installing: /home/ubuntu/hiwonder_ws-B/install/turtlesim/local/lib/python3.10/dist-packages/turtlesim/srv/_teleport_absolute_s.c
[68.037s] -- Installing: /home/ubuntu/hiwonder_ws-B/install/turtlesim/local/lib/python3.10/dist-packages/turtlesim/srv/_spawn_s.c
[68.037s] -- Installing: /home/ubuntu/hiwonder_ws-B/install/turtlesim/local/lib/python3.10/dist-packages/turtlesim/srv/_kill_s.c
[68.037s] -- Installing: /home/ubuntu/hiwonder_ws-B/install/turtlesim/local/lib/python3.10/dist-packages/turtlesim/srv/_teleport_relative_s.c
[68.037s] -- Installing: /home/ubuntu/hiwonder_ws-B/install/turtlesim/local/lib/python3.10/dist-packages/turtlesim/srv/_teleport_relative.py
[68.038s] -- Installing: /home/ubuntu/hiwonder_ws-B/install/turtlesim/local/lib/python3.10/dist-packages/turtlesim/srv/_teleport_absolute.py
[68.038s] -- Installing: /home/ubuntu/hiwonder_ws-B/install/turtlesim/local/lib/python3.10/dist-packages/turtlesim/turtlesim_s__rosidl_typesupport_introspection_c.cpython-310-aarch64-linux-gnu.so
[68.120s] Listing '/home/ubuntu/hiwonder_ws-B/install/turtlesim/local/lib/python3.10/dist-packages/turtlesim'...
[68.120s] Compiling '/home/ubuntu/hiwonder_ws-B/install/turtlesim/local/lib/python3.10/dist-packages/turtlesim/__init__.py'...
[68.120s] Listing '/home/ubuntu/hiwonder_ws-B/install/turtlesim/local/lib/python3.10/dist-packages/turtlesim/action'...
[68.120s] Compiling '/home/ubuntu/hiwonder_ws-B/install/turtlesim/local/lib/python3.10/dist-packages/turtlesim/action/__init__.py'...
[68.120s] Compiling '/home/ubuntu/hiwonder_ws-B/install/turtlesim/local/lib/python3.10/dist-packages/turtlesim/action/_rotate_absolute.py'...
[68.120s] Listing '/home/ubuntu/hiwonder_ws-B/install/turtlesim/local/lib/python3.10/dist-packages/turtlesim/msg'...
[68.120s] Compiling '/home/ubuntu/hiwonder_ws-B/install/turtlesim/local/lib/python3.10/dist-packages/turtlesim/msg/__init__.py'...
[68.121s] Compiling '/home/ubuntu/hiwonder_ws-B/install/turtlesim/local/lib/python3.10/dist-packages/turtlesim/msg/_color.py'...
[68.121s] Compiling '/home/ubuntu/hiwonder_ws-B/install/turtlesim/local/lib/python3.10/dist-packages/turtlesim/msg/_pose.py'...
[68.121s] Listing '/home/ubuntu/hiwonder_ws-B/install/turtlesim/local/lib/python3.10/dist-packages/turtlesim/srv'...
[68.121s] Compiling '/home/ubuntu/hiwonder_ws-B/install/turtlesim/local/lib/python3.10/dist-packages/turtlesim/srv/__init__.py'...
[68.121s] Compiling '/home/ubuntu/hiwonder_ws-B/install/turtlesim/local/lib/python3.10/dist-packages/turtlesim/srv/_kill.py'...
[68.121s] Compiling '/home/ubuntu/hiwonder_ws-B/install/turtlesim/local/lib/python3.10/dist-packages/turtlesim/srv/_set_pen.py'...
[68.121s] Compiling '/home/ubuntu/hiwonder_ws-B/install/turtlesim/local/lib/python3.10/dist-packages/turtlesim/srv/_spawn.py'...
[68.121s] Compiling '/home/ubuntu/hiwonder_ws-B/install/turtlesim/local/lib/python3.10/dist-packages/turtlesim/srv/_teleport_absolute.py'...
[68.121s] Compiling '/home/ubuntu/hiwonder_ws-B/install/turtlesim/local/lib/python3.10/dist-packages/turtlesim/srv/_teleport_relative.py'...
[68.133s] -- Installing: /home/ubuntu/hiwonder_ws-B/install/turtlesim/local/lib/python3.10/dist-packages/turtlesim/turtlesim_s__rosidl_typesupport_fastrtps_c.cpython-310-aarch64-linux-gnu.so
[68.134s] -- Set runtime path of "/home/ubuntu/hiwonder_ws-B/install/turtlesim/local/lib/python3.10/dist-packages/turtlesim/turtlesim_s__rosidl_typesupport_fastrtps_c.cpython-310-aarch64-linux-gnu.so" to ""
[68.134s] -- Installing: /home/ubuntu/hiwonder_ws-B/install/turtlesim/local/lib/python3.10/dist-packages/turtlesim/turtlesim_s__rosidl_typesupport_introspection_c.cpython-310-aarch64-linux-gnu.so
[68.134s] -- Set runtime path of "/home/ubuntu/hiwonder_ws-B/install/turtlesim/local/lib/python3.10/dist-packages/turtlesim/turtlesim_s__rosidl_typesupport_introspection_c.cpython-310-aarch64-linux-gnu.so" to ""
[68.135s] -- Installing: /home/ubuntu/hiwonder_ws-B/install/turtlesim/local/lib/python3.10/dist-packages/turtlesim/turtlesim_s__rosidl_typesupport_c.cpython-310-aarch64-linux-gnu.so
[68.136s] -- Set runtime path of "/home/ubuntu/hiwonder_ws-B/install/turtlesim/local/lib/python3.10/dist-packages/turtlesim/turtlesim_s__rosidl_typesupport_c.cpython-310-aarch64-linux-gnu.so" to ""
[68.136s] -- Installing: /home/ubuntu/hiwonder_ws-B/install/turtlesim/lib/libturtlesim__rosidl_generator_py.so
[68.136s] -- Set runtime path of "/home/ubuntu/hiwonder_ws-B/install/turtlesim/lib/libturtlesim__rosidl_generator_py.so" to ""
[68.136s] -- Installing: /home/ubuntu/hiwonder_ws-B/install/turtlesim/share/turtlesim/action/RotateAbsolute.idl
[68.137s] -- Installing: /home/ubuntu/hiwonder_ws-B/install/turtlesim/share/turtlesim/msg/Color.idl
[68.137s] -- Installing: /home/ubuntu/hiwonder_ws-B/install/turtlesim/share/turtlesim/msg/Pose.idl
[68.137s] -- Installing: /home/ubuntu/hiwonder_ws-B/install/turtlesim/share/turtlesim/srv/Kill.idl
[68.137s] -- Installing: /home/ubuntu/hiwonder_ws-B/install/turtlesim/share/turtlesim/srv/SetPen.idl
[68.138s] -- Installing: /home/ubuntu/hiwonder_ws-B/install/turtlesim/share/turtlesim/srv/Spawn.idl
[68.138s] -- Installing: /home/ubuntu/hiwonder_ws-B/install/turtlesim/share/turtlesim/srv/TeleportAbsolute.idl
[68.138s] -- Installing: /home/ubuntu/hiwonder_ws-B/install/turtlesim/share/turtlesim/srv/TeleportRelative.idl
[68.139s] -- Installing: /home/ubuntu/hiwonder_ws-B/install/turtlesim/share/turtlesim/action/RotateAbsolute.action
[68.139s] -- Installing: /home/ubuntu/hiwonder_ws-B/install/turtlesim/share/turtlesim/msg/Color.msg
[68.139s] -- Installing: /home/ubuntu/hiwonder_ws-B/install/turtlesim/share/turtlesim/msg/Pose.msg
[68.140s] -- Installing: /home/ubuntu/hiwonder_ws-B/install/turtlesim/share/turtlesim/srv/Kill.srv
[68.140s] -- Installing: /home/ubuntu/hiwonder_ws-B/install/turtlesim/share/turtlesim/srv/Kill_Request.msg
[68.140s] -- Installing: /home/ubuntu/hiwonder_ws-B/install/turtlesim/share/turtlesim/srv/Kill_Response.msg
[68.140s] -- Installing: /home/ubuntu/hiwonder_ws-B/install/turtlesim/share/turtlesim/srv/SetPen.srv
[68.140s] -- Installing: /home/ubuntu/hiwonder_ws-B/install/turtlesim/share/turtlesim/srv/SetPen_Request.msg
[68.141s] -- Installing: /home/ubuntu/hiwonder_ws-B/install/turtlesim/share/turtlesim/srv/SetPen_Response.msg
[68.142s] -- Installing: /home/ubuntu/hiwonder_ws-B/install/turtlesim/share/turtlesim/srv/Spawn.srv
[68.144s] -- Installing: /home/ubuntu/hiwonder_ws-B/install/turtlesim/share/turtlesim/srv/Spawn_Request.msg
[68.145s] -- Installing: /home/ubuntu/hiwonder_ws-B/install/turtlesim/share/turtlesim/srv/Spawn_Response.msg
[68.145s] -- Installing: /home/ubuntu/hiwonder_ws-B/install/turtlesim/share/turtlesim/srv/TeleportAbsolute.srv
[68.145s] -- Installing: /home/ubuntu/hiwonder_ws-B/install/turtlesim/share/turtlesim/srv/TeleportAbsolute_Request.msg
[68.145s] -- Installing: /home/ubuntu/hiwonder_ws-B/install/turtlesim/share/turtlesim/srv/TeleportAbsolute_Response.msg
[68.145s] -- Installing: /home/ubuntu/hiwonder_ws-B/install/turtlesim/share/turtlesim/srv/TeleportRelative.srv
[68.146s] -- Installing: /home/ubuntu/hiwonder_ws-B/install/turtlesim/share/turtlesim/srv/TeleportRelative_Request.msg
[68.146s] -- Installing: /home/ubuntu/hiwonder_ws-B/install/turtlesim/share/turtlesim/srv/TeleportRelative_Response.msg
[68.146s] -- Installing: /home/ubuntu/hiwonder_ws-B/install/turtlesim/lib/turtlesim/turtlesim_node
[68.157s] -- Set runtime path of "/home/ubuntu/hiwonder_ws-B/install/turtlesim/lib/turtlesim/turtlesim_node" to ""
[68.157s] -- Installing: /home/ubuntu/hiwonder_ws-B/install/turtlesim/lib/turtlesim/turtle_teleop_key
[68.160s] -- Set runtime path of "/home/ubuntu/hiwonder_ws-B/install/turtlesim/lib/turtlesim/turtle_teleop_key" to ""
[68.162s] -- Installing: /home/ubuntu/hiwonder_ws-B/install/turtlesim/lib/turtlesim/draw_square
[68.165s] -- Set runtime path of "/home/ubuntu/hiwonder_ws-B/install/turtlesim/lib/turtlesim/draw_square" to ""
[68.165s] -- Installing: /home/ubuntu/hiwonder_ws-B/install/turtlesim/lib/turtlesim/mimic
[68.168s] -- Set runtime path of "/home/ubuntu/hiwonder_ws-B/install/turtlesim/lib/turtlesim/mimic" to ""
[68.168s] -- Installing: /home/ubuntu/hiwonder_ws-B/install/turtlesim/share/turtlesim/images
[68.169s] -- Installing: /home/ubuntu/hiwonder_ws-B/install/turtlesim/share/turtlesim/images/humble.png
[68.169s] -- Installing: /home/ubuntu/hiwonder_ws-B/install/turtlesim/share/turtlesim/images/crystal.png
[68.170s] -- Installing: /home/ubuntu/hiwonder_ws-B/install/turtlesim/share/turtlesim/images/rolling.png
[68.170s] -- Installing: /home/ubuntu/hiwonder_ws-B/install/turtlesim/share/turtlesim/images/foxy.png
[68.170s] -- Installing: /home/ubuntu/hiwonder_ws-B/install/turtlesim/share/turtlesim/images/eloquent.png
[68.170s] -- Installing: /home/ubuntu/hiwonder_ws-B/install/turtlesim/share/turtlesim/images/ardent.png
[68.170s] -- Installing: /home/ubuntu/hiwonder_ws-B/install/turtlesim/share/turtlesim/images/bouncy.png
[68.170s] -- Installing: /home/ubuntu/hiwonder_ws-B/install/turtlesim/share/turtlesim/images/galactic.png
[68.170s] -- Installing: /home/ubuntu/hiwonder_ws-B/install/turtlesim/share/turtlesim/images/dashing.png
[68.171s] -- Installing: /home/ubuntu/hiwonder_ws-B/install/turtlesim/share/turtlesim/launch
[68.171s] -- Installing: /home/ubuntu/hiwonder_ws-B/install/turtlesim/share/turtlesim/launch/multisim.launch.py
[68.171s] -- Installing: /home/ubuntu/hiwonder_ws-B/install/turtlesim/share/ament_index/resource_index/package_run_dependencies/turtlesim
[68.171s] -- Installing: /home/ubuntu/hiwonder_ws-B/install/turtlesim/share/ament_index/resource_index/parent_prefix_path/turtlesim
[68.172s] -- Installing: /home/ubuntu/hiwonder_ws-B/install/turtlesim/share/turtlesim/environment/ament_prefix_path.sh
[68.172s] -- Installing: /home/ubuntu/hiwonder_ws-B/install/turtlesim/share/turtlesim/environment/ament_prefix_path.dsv
[68.172s] -- Installing: /home/ubuntu/hiwonder_ws-B/install/turtlesim/share/turtlesim/environment/path.sh
[68.172s] -- Installing: /home/ubuntu/hiwonder_ws-B/install/turtlesim/share/turtlesim/environment/path.dsv
[68.173s] -- Installing: /home/ubuntu/hiwonder_ws-B/install/turtlesim/share/turtlesim/local_setup.bash
[68.173s] -- Installing: /home/ubuntu/hiwonder_ws-B/install/turtlesim/share/turtlesim/local_setup.sh
[68.173s] -- Installing: /home/ubuntu/hiwonder_ws-B/install/turtlesim/share/turtlesim/local_setup.zsh
[68.173s] -- Installing: /home/ubuntu/hiwonder_ws-B/install/turtlesim/share/turtlesim/local_setup.dsv
[68.173s] -- Installing: /home/ubuntu/hiwonder_ws-B/install/turtlesim/share/turtlesim/package.dsv
[68.174s] -- Installing: /home/ubuntu/hiwonder_ws-B/install/turtlesim/share/ament_index/resource_index/packages/turtlesim
[68.174s] -- Installing: /home/ubuntu/hiwonder_ws-B/install/turtlesim/share/turtlesim/cmake/export_turtlesim__rosidl_generator_cExport.cmake
[68.174s] -- Installing: /home/ubuntu/hiwonder_ws-B/install/turtlesim/share/turtlesim/cmake/export_turtlesim__rosidl_generator_cExport-noconfig.cmake
[68.175s] -- Installing: /home/ubuntu/hiwonder_ws-B/install/turtlesim/share/turtlesim/cmake/export_turtlesim__rosidl_typesupport_fastrtps_cExport.cmake
[68.175s] -- Installing: /home/ubuntu/hiwonder_ws-B/install/turtlesim/share/turtlesim/cmake/export_turtlesim__rosidl_typesupport_fastrtps_cExport-noconfig.cmake
[68.175s] -- Installing: /home/ubuntu/hiwonder_ws-B/install/turtlesim/share/turtlesim/cmake/export_turtlesim__rosidl_generator_cppExport.cmake
[68.176s] -- Installing: /home/ubuntu/hiwonder_ws-B/install/turtlesim/share/turtlesim/cmake/export_turtlesim__rosidl_typesupport_fastrtps_cppExport.cmake
[68.176s] -- Installing: /home/ubuntu/hiwonder_ws-B/install/turtlesim/share/turtlesim/cmake/export_turtlesim__rosidl_typesupport_fastrtps_cppExport-noconfig.cmake
[68.176s] -- Installing: /home/ubuntu/hiwonder_ws-B/install/turtlesim/share/turtlesim/cmake/turtlesim__rosidl_typesupport_introspection_cExport.cmake
[68.177s] -- Installing: /home/ubuntu/hiwonder_ws-B/install/turtlesim/share/turtlesim/cmake/turtlesim__rosidl_typesupport_introspection_cExport-noconfig.cmake
[68.177s] -- Installing: /home/ubuntu/hiwonder_ws-B/install/turtlesim/share/turtlesim/cmake/turtlesim__rosidl_typesupport_cExport.cmake
[68.177s] -- Installing: /home/ubuntu/hiwonder_ws-B/install/turtlesim/share/turtlesim/cmake/turtlesim__rosidl_typesupport_cExport-noconfig.cmake
[68.178s] -- Installing: /home/ubuntu/hiwonder_ws-B/install/turtlesim/share/turtlesim/cmake/turtlesim__rosidl_typesupport_introspection_cppExport.cmake
[68.178s] -- Installing: /home/ubuntu/hiwonder_ws-B/install/turtlesim/share/turtlesim/cmake/turtlesim__rosidl_typesupport_introspection_cppExport-noconfig.cmake
[68.179s] -- Installing: /home/ubuntu/hiwonder_ws-B/install/turtlesim/share/turtlesim/cmake/turtlesim__rosidl_typesupport_cppExport.cmake
[68.179s] -- Installing: /home/ubuntu/hiwonder_ws-B/install/turtlesim/share/turtlesim/cmake/turtlesim__rosidl_typesupport_cppExport-noconfig.cmake
[68.180s] -- Installing: /home/ubuntu/hiwonder_ws-B/install/turtlesim/share/turtlesim/cmake/export_turtlesim__rosidl_generator_pyExport.cmake
[68.180s] -- Installing: /home/ubuntu/hiwonder_ws-B/install/turtlesim/share/turtlesim/cmake/export_turtlesim__rosidl_generator_pyExport-noconfig.cmake
[68.180s] -- Installing: /home/ubuntu/hiwonder_ws-B/install/turtlesim/share/turtlesim/cmake/rosidl_cmake-extras.cmake
[68.181s] -- Installing: /home/ubuntu/hiwonder_ws-B/install/turtlesim/share/turtlesim/cmake/ament_cmake_export_dependencies-extras.cmake
[68.181s] -- Installing: /home/ubuntu/hiwonder_ws-B/install/turtlesim/share/turtlesim/cmake/ament_cmake_export_include_directories-extras.cmake
[68.181s] -- Installing: /home/ubuntu/hiwonder_ws-B/install/turtlesim/share/turtlesim/cmake/ament_cmake_export_libraries-extras.cmake
[68.182s] -- Installing: /home/ubuntu/hiwonder_ws-B/install/turtlesim/share/turtlesim/cmake/ament_cmake_export_targets-extras.cmake
[68.182s] -- Installing: /home/ubuntu/hiwonder_ws-B/install/turtlesim/share/turtlesim/cmake/rosidl_cmake_export_typesupport_targets-extras.cmake
[68.182s] -- Installing: /home/ubuntu/hiwonder_ws-B/install/turtlesim/share/turtlesim/cmake/rosidl_cmake_export_typesupport_libraries-extras.cmake
[68.182s] -- Installing: /home/ubuntu/hiwonder_ws-B/install/turtlesim/share/turtlesim/cmake/turtlesimConfig.cmake
[68.183s] -- Installing: /home/ubuntu/hiwonder_ws-B/install/turtlesim/share/turtlesim/cmake/turtlesimConfig-version.cmake
[68.183s] -- Installing: /home/ubuntu/hiwonder_ws-B/install/turtlesim/share/turtlesim/package.xml
[68.185s] Invoked command in '/home/ubuntu/hiwonder_ws-B/build/turtlesim' returned '0': CMAKE_PREFIX_PATH=/home/ubuntu/hiwonder_ws/install/hello_world_demo:/opt/ros/humble /usr/bin/cmake --install /home/ubuntu/hiwonder_ws-B/build/turtlesim
