[1.085s] Invoking command in '/home/ubuntu/hiwonder_ws/src/hello_world_demo': PYTHONPATH=/home/ubuntu/hiwonder_ws/build/hello_world_demo/prefix_override:/usr/lib/python3/dist-packages/colcon_core/task/python/colcon_distutils_commands:/home/ubuntu/hiwonder_ws/install/hello_world_demo/lib/python3.10/site-packages:${PYTHONPATH} /usr/bin/python3 -W ignore:setup.py install is deprecated -W ignore:easy_install command is deprecated setup.py egg_info --egg-base ../../build/hello_world_demo build --build-base /home/ubuntu/hiwonder_ws/build/hello_world_demo/build install --record /home/ubuntu/hiwonder_ws/build/hello_world_demo/install.log --single-version-externally-managed install_data
[1.364s] running egg_info
[1.365s] creating ../../build/hello_world_demo/hello_world_demo.egg-info
[1.366s] writing ../../build/hello_world_demo/hello_world_demo.egg-info/PKG-INFO
[1.366s] writing dependency_links to ../../build/hello_world_demo/hello_world_demo.egg-info/dependency_links.txt
[1.366s] writing entry points to ../../build/hello_world_demo/hello_world_demo.egg-info/entry_points.txt
[1.366s] writing requirements to ../../build/hello_world_demo/hello_world_demo.egg-info/requires.txt
[1.366s] writing top-level names to ../../build/hello_world_demo/hello_world_demo.egg-info/top_level.txt
[1.366s] writing manifest file '../../build/hello_world_demo/hello_world_demo.egg-info/SOURCES.txt'
[1.369s] reading manifest file '../../build/hello_world_demo/hello_world_demo.egg-info/SOURCES.txt'
[1.369s] writing manifest file '../../build/hello_world_demo/hello_world_demo.egg-info/SOURCES.txt'
[1.369s] running build
[1.370s] running build_py
[1.370s] creating /home/ubuntu/hiwonder_ws/build/hello_world_demo/build
[1.370s] creating /home/ubuntu/hiwonder_ws/build/hello_world_demo/build/lib
[1.370s] creating /home/ubuntu/hiwonder_ws/build/hello_world_demo/build/lib/hello_world_demo
[1.370s] copying hello_world_demo/__init__.py -> /home/ubuntu/hiwonder_ws/build/hello_world_demo/build/lib/hello_world_demo
[1.371s] copying hello_world_demo/hello_world.py -> /home/ubuntu/hiwonder_ws/build/hello_world_demo/build/lib/hello_world_demo
[1.371s] running install
[1.371s] running install_lib
[1.372s] creating /home/ubuntu/hiwonder_ws/install/hello_world_demo/lib/python3.10/site-packages/hello_world_demo
[1.372s] copying /home/ubuntu/hiwonder_ws/build/hello_world_demo/build/lib/hello_world_demo/__init__.py -> /home/ubuntu/hiwonder_ws/install/hello_world_demo/lib/python3.10/site-packages/hello_world_demo
[1.372s] copying /home/ubuntu/hiwonder_ws/build/hello_world_demo/build/lib/hello_world_demo/hello_world.py -> /home/ubuntu/hiwonder_ws/install/hello_world_demo/lib/python3.10/site-packages/hello_world_demo
[1.373s] byte-compiling /home/ubuntu/hiwonder_ws/install/hello_world_demo/lib/python3.10/site-packages/hello_world_demo/__init__.py to __init__.cpython-310.pyc
[1.373s] byte-compiling /home/ubuntu/hiwonder_ws/install/hello_world_demo/lib/python3.10/site-packages/hello_world_demo/hello_world.py to hello_world.cpython-310.pyc
[1.374s] running install_data
[1.374s] creating /home/ubuntu/hiwonder_ws/install/hello_world_demo/share/ament_index
[1.374s] creating /home/ubuntu/hiwonder_ws/install/hello_world_demo/share/ament_index/resource_index
[1.374s] creating /home/ubuntu/hiwonder_ws/install/hello_world_demo/share/ament_index/resource_index/packages
[1.374s] copying resource/hello_world_demo -> /home/ubuntu/hiwonder_ws/install/hello_world_demo/share/ament_index/resource_index/packages
[1.374s] copying package.xml -> /home/ubuntu/hiwonder_ws/install/hello_world_demo/share/hello_world_demo
[1.374s] running install_egg_info
[1.378s] Copying ../../build/hello_world_demo/hello_world_demo.egg-info to /home/ubuntu/hiwonder_ws/install/hello_world_demo/lib/python3.10/site-packages/hello_world_demo-0.0.0-py3.10.egg-info
[1.379s] running install_scripts
[1.406s] Installing hello_world script to /home/ubuntu/hiwonder_ws/install/hello_world_demo/lib/hello_world_demo
[1.407s] writing list of installed files to '/home/ubuntu/hiwonder_ws/build/hello_world_demo/install.log'
[1.493s] Invoked command in '/home/ubuntu/hiwonder_ws/src/hello_world_demo' returned '0': PYTHONPATH=/home/ubuntu/hiwonder_ws/build/hello_world_demo/prefix_override:/usr/lib/python3/dist-packages/colcon_core/task/python/colcon_distutils_commands:/home/ubuntu/hiwonder_ws/install/hello_world_demo/lib/python3.10/site-packages:${PYTHONPATH} /usr/bin/python3 -W ignore:setup.py install is deprecated -W ignore:easy_install command is deprecated setup.py egg_info --egg-base ../../build/hello_world_demo build --build-base /home/ubuntu/hiwonder_ws/build/hello_world_demo/build install --record /home/ubuntu/hiwonder_ws/build/hello_world_demo/install.log --single-version-externally-managed install_data
