[0.836s] Invoking command in '/home/ubuntu/hiwonder_ws/src/hello_world_demo': PYTHONPATH=/home/ubuntu/hiwonder_ws/build/hello_world_demo/prefix_override:/usr/lib/python3/dist-packages/colcon_core/task/python/colcon_distutils_commands:/home/ubuntu/hiwonder_ws/install/hello_world_demo/lib/python3.10/site-packages:${PYTHONPATH} /usr/bin/python3 -W ignore:setup.py install is deprecated -W ignore:easy_install command is deprecated setup.py egg_info --egg-base ../../build/hello_world_demo build --build-base /home/ubuntu/hiwonder_ws/build/hello_world_demo/build install --record /home/ubuntu/hiwonder_ws/build/hello_world_demo/install.log --single-version-externally-managed install_data
[1.111s] running egg_info
[1.111s] writing ../../build/hello_world_demo/hello_world_demo.egg-info/PKG-INFO
[1.112s] writing dependency_links to ../../build/hello_world_demo/hello_world_demo.egg-info/dependency_links.txt
[1.113s] writing entry points to ../../build/hello_world_demo/hello_world_demo.egg-info/entry_points.txt
[1.119s] writing requirements to ../../build/hello_world_demo/hello_world_demo.egg-info/requires.txt
[1.124s] writing top-level names to ../../build/hello_world_demo/hello_world_demo.egg-info/top_level.txt
[1.136s] reading manifest file '../../build/hello_world_demo/hello_world_demo.egg-info/SOURCES.txt'
[1.137s] writing manifest file '../../build/hello_world_demo/hello_world_demo.egg-info/SOURCES.txt'
[1.137s] running build
[1.137s] running build_py
[1.137s] running install
[1.138s] running install_lib
[1.141s] running install_data
[1.141s] running install_egg_info
[1.144s] removing '/home/ubuntu/hiwonder_ws/install/hello_world_demo/lib/python3.10/site-packages/hello_world_demo-0.0.0-py3.10.egg-info' (and everything under it)
[1.144s] Copying ../../build/hello_world_demo/hello_world_demo.egg-info to /home/ubuntu/hiwonder_ws/install/hello_world_demo/lib/python3.10/site-packages/hello_world_demo-0.0.0-py3.10.egg-info
[1.145s] running install_scripts
[1.174s] Installing hello_world script to /home/ubuntu/hiwonder_ws/install/hello_world_demo/lib/hello_world_demo
[1.174s] writing list of installed files to '/home/ubuntu/hiwonder_ws/build/hello_world_demo/install.log'
[1.262s] Invoked command in '/home/ubuntu/hiwonder_ws/src/hello_world_demo' returned '0': PYTHONPATH=/home/ubuntu/hiwonder_ws/build/hello_world_demo/prefix_override:/usr/lib/python3/dist-packages/colcon_core/task/python/colcon_distutils_commands:/home/ubuntu/hiwonder_ws/install/hello_world_demo/lib/python3.10/site-packages:${PYTHONPATH} /usr/bin/python3 -W ignore:setup.py install is deprecated -W ignore:easy_install command is deprecated setup.py egg_info --egg-base ../../build/hello_world_demo build --build-base /home/ubuntu/hiwonder_ws/build/hello_world_demo/build install --record /home/ubuntu/hiwonder_ws/build/hello_world_demo/install.log --single-version-externally-managed install_data
