[0.841s] Invoking command in '/home/ubuntu/hiwonder_ws/src/hello_world_demo': PYTHONPATH=/home/ubuntu/hiwonder_ws/build/hello_world_demo/prefix_override:/usr/lib/python3/dist-packages/colcon_core/task/python/colcon_distutils_commands:/home/ubuntu/hiwonder_ws/install/hello_world_demo/lib/python3.10/site-packages:${PYTHONPATH} /usr/bin/python3 -W ignore:setup.py install is deprecated -W ignore:easy_install command is deprecated setup.py egg_info --egg-base ../../build/hello_world_demo build --build-base /home/ubuntu/hiwonder_ws/build/hello_world_demo/build install --record /home/ubuntu/hiwonder_ws/build/hello_world_demo/install.log --single-version-externally-managed install_data
[1.112s] running egg_info
[1.113s] writing ../../build/hello_world_demo/hello_world_demo.egg-info/PKG-INFO
[1.114s] writing dependency_links to ../../build/hello_world_demo/hello_world_demo.egg-info/dependency_links.txt
[1.115s] writing entry points to ../../build/hello_world_demo/hello_world_demo.egg-info/entry_points.txt
[1.115s] writing requirements to ../../build/hello_world_demo/hello_world_demo.egg-info/requires.txt
[1.116s] writing top-level names to ../../build/hello_world_demo/hello_world_demo.egg-info/top_level.txt
[1.120s] reading manifest file '../../build/hello_world_demo/hello_world_demo.egg-info/SOURCES.txt'
[1.122s] writing manifest file '../../build/hello_world_demo/hello_world_demo.egg-info/SOURCES.txt'
[1.122s] running build
[1.122s] running build_py
[1.122s] copying hello_world_demo/hello_world.py -> /home/ubuntu/hiwonder_ws/build/hello_world_demo/build/lib/hello_world_demo
[1.122s] running install
[1.123s] running install_lib
[1.124s] copying /home/ubuntu/hiwonder_ws/build/hello_world_demo/build/lib/hello_world_demo/hello_world.py -> /home/ubuntu/hiwonder_ws/install/hello_world_demo/lib/python3.10/site-packages/hello_world_demo
[1.125s] byte-compiling /home/ubuntu/hiwonder_ws/install/hello_world_demo/lib/python3.10/site-packages/hello_world_demo/hello_world.py to hello_world.cpython-310.pyc
[1.125s] running install_data
[1.125s] running install_egg_info
[1.125s] Sorry: IndentationError: unexpected indent (hello_world.py, line 11)
[1.128s] removing '/home/ubuntu/hiwonder_ws/install/hello_world_demo/lib/python3.10/site-packages/hello_world_demo-0.0.0-py3.10.egg-info' (and everything under it)
[1.128s] Copying ../../build/hello_world_demo/hello_world_demo.egg-info to /home/ubuntu/hiwonder_ws/install/hello_world_demo/lib/python3.10/site-packages/hello_world_demo-0.0.0-py3.10.egg-info
[1.130s] running install_scripts
[1.164s] Installing hello_world script to /home/ubuntu/hiwonder_ws/install/hello_world_demo/lib/hello_world_demo
[1.205s] writing list of installed files to '/home/ubuntu/hiwonder_ws/build/hello_world_demo/install.log'
[1.287s] Invoked command in '/home/ubuntu/hiwonder_ws/src/hello_world_demo' returned '0': PYTHONPATH=/home/ubuntu/hiwonder_ws/build/hello_world_demo/prefix_override:/usr/lib/python3/dist-packages/colcon_core/task/python/colcon_distutils_commands:/home/ubuntu/hiwonder_ws/install/hello_world_demo/lib/python3.10/site-packages:${PYTHONPATH} /usr/bin/python3 -W ignore:setup.py install is deprecated -W ignore:easy_install command is deprecated setup.py egg_info --egg-base ../../build/hello_world_demo build --build-base /home/ubuntu/hiwonder_ws/build/hello_world_demo/build install --record /home/ubuntu/hiwonder_ws/build/hello_world_demo/install.log --single-version-externally-managed install_data
